Logging to /data/scratch/idanshen/pomdp-baselines/gridworld/MiniGrid/TigerDoorEnv/sacd_lstm/alpha-0.1/gamma-0.9/len--1/bs-32/freq-1000/oar/10-11:16-30:02.53 
preload cost 8.58s 
--cfg=/data/scratch/idanshen/pomdp-baselines/configs/gridworld/tiger_door/rnn.yml

--algo=sacd





--nooracle
--nodebug
 
pid 119534 improbablex009.csail.mit.edu 
obs_dim (30,) act_dim 4 
<class 'policies.models.policy_rnn.ModelFreeOffPolicy_Separate_RNN'> memory 
ModelFreeOffPolicy_Separate_RNN(
  (critic): Critic_RNN(
    (observ_embedder): FeatureExtractor(
      (fc): Linear(in_features=30, out_features=32, bias=True)
    )
    (action_embedder): FeatureExtractor(
      (fc): Linear(in_features=4, out_features=16, bias=True)
    )
    (reward_embedder): FeatureExtractor(
      (fc): Linear(in_features=1, out_features=16, bias=True)
    )
    (rnn): LSTM(64, 128)
    (current_shortcut_embedder): FeatureExtractor(
      (fc): Linear(in_features=30, out_features=64, bias=True)
    )
    (qf1): FlattenMlp(
      (fc0): Linear(in_features=192, out_features=128, bias=True)
      (fc1): Linear(in_features=128, out_features=128, bias=True)
      (last_fc): Linear(in_features=128, out_features=4, bias=True)
    )
    (qf2): FlattenMlp(
      (fc0): Linear(in_features=192, out_features=128, bias=True)
      (fc1): Linear(in_features=128, out_features=128, bias=True)
      (last_fc): Linear(in_features=128, out_features=4, bias=True)
    )
  )
  (critic_target): Critic_RNN(
    (observ_embedder): FeatureExtractor(
      (fc): Linear(in_features=30, out_features=32, bias=True)
    )
    (action_embedder): FeatureExtractor(
      (fc): Linear(in_features=4, out_features=16, bias=True)
    )
    (reward_embedder): FeatureExtractor(
      (fc): Linear(in_features=1, out_features=16, bias=True)
    )
    (rnn): LSTM(64, 128)
    (current_shortcut_embedder): FeatureExtractor(
      (fc): Linear(in_features=30, out_features=64, bias=True)
    )
    (qf1): FlattenMlp(
      (fc0): Linear(in_features=192, out_features=128, bias=True)
      (fc1): Linear(in_features=128, out_features=128, bias=True)
      (last_fc): Linear(in_features=128, out_features=4, bias=True)
    )
    (qf2): FlattenMlp(
      (fc0): Linear(in_features=192, out_features=128, bias=True)
      (fc1): Linear(in_features=128, out_features=128, bias=True)
      (last_fc): Linear(in_features=128, out_features=4, bias=True)
    )
  )
  (actor): Actor_RNN(
    (observ_embedder): FeatureExtractor(
      (fc): Linear(in_features=30, out_features=32, bias=True)
    )
    (action_embedder): FeatureExtractor(
      (fc): Linear(in_features=4, out_features=16, bias=True)
    )
    (reward_embedder): FeatureExtractor(
      (fc): Linear(in_features=1, out_features=16, bias=True)
    )
    (rnn): LSTM(64, 128)
    (current_observ_embedder): FeatureExtractor(
      (fc): Linear(in_features=30, out_features=32, bias=True)
    )
    (policy): CategoricalPolicy(
      (fc0): Linear(in_features=160, out_features=128, bias=True)
      (fc1): Linear(in_features=128, out_features=128, bias=True)
      (last_fc): Linear(in_features=128, out_features=4, bias=True)
    )
  )
  (actor_target): Actor_RNN(
    (observ_embedder): FeatureExtractor(
      (fc): Linear(in_features=30, out_features=32, bias=True)
    )
    (action_embedder): FeatureExtractor(
      (fc): Linear(in_features=4, out_features=16, bias=True)
    )
    (reward_embedder): FeatureExtractor(
      (fc): Linear(in_features=1, out_features=16, bias=True)
    )
    (rnn): LSTM(64, 128)
    (current_observ_embedder): FeatureExtractor(
      (fc): Linear(in_features=30, out_features=32, bias=True)
    )
    (policy): CategoricalPolicy(
      (fc0): Linear(in_features=160, out_features=128, bias=True)
      (fc1): Linear(in_features=128, out_features=128, bias=True)
      (last_fc): Linear(in_features=128, out_features=4, bias=True)
    )
  )
) 
<class 'buffers.seq_replay_buffer_vanilla.SeqReplayBuffer'> 
*** total rollouts 280 total env steps 28000 
total RAM usage: 4.39 GB
 
Collecting initial pool of data.. 
Done! env steps 3044 rollouts 45 
env steps 4893 
----2022-10-11 16:31:06.620740 EDT-----
| rl_loss/alpha            | 0.1      |
| rl_loss/pi_grad_norm     | 0.0825   |
| rl_loss/pi_rnn_grad_norm | 0.24     |
| rl_loss/policy_entropy   | 1.09     |
| rl_loss/policy_loss      | 3.34     |
| rl_loss/q_grad_norm      | 4.06     |
| rl_loss/q_rnn_grad_norm  | 13.6     |
| rl_loss/qf1_loss         | 14.1     |
| rl_loss/qf2_loss         | 14.1     |
---------------------------------------
------2022-10-11 16:35:11.939607 EDT-------
| metrics/return_eval_avg      | -200     |
| metrics/total_steps_eval_avg | 100      |
| z/env_steps                  | 4893     |
| z/fps                        | 16.2     |
| z/rl_steps                   | 1000     |
| z/rollouts                   | 70       |
| z/time_cost                  | 302      |
-------------------------------------------
env steps 6188 
----2022-10-11 16:36:22.603053 EDT-----
| rl_loss/alpha            | 0.1      |
| rl_loss/pi_grad_norm     | 0.142    |
| rl_loss/pi_rnn_grad_norm | 0.362    |
| rl_loss/policy_entropy   | 0.803    |
| rl_loss/policy_loss      | 7.4      |
| rl_loss/q_grad_norm      | 6.68     |
| rl_loss/q_rnn_grad_norm  | 20.7     |
| rl_loss/qf1_loss         | 2.73     |
| rl_loss/qf2_loss         | 2.81     |
---------------------------------------
------2022-10-11 16:36:23.256949 EDT-------
| metrics/return_eval_avg      | -68      |
| metrics/total_steps_eval_avg | 17       |
| z/env_steps                  | 6188     |
| z/fps                        | 18.2     |
| z/rl_steps                   | 2000     |
| z/rollouts                   | 95       |
| z/time_cost                  | 374      |
-------------------------------------------
env steps 6838 
----2022-10-11 16:37:14.698508 EDT-----
| rl_loss/alpha            | 0.1      |
| rl_loss/pi_grad_norm     | 0.0548   |
| rl_loss/pi_rnn_grad_norm | 0.113    |
| rl_loss/policy_entropy   | 0.399    |
| rl_loss/policy_loss      | 8.92     |
| rl_loss/q_grad_norm      | 16       |
| rl_loss/q_rnn_grad_norm  | 59.6     |
| rl_loss/qf1_loss         | 9.15     |
| rl_loss/qf2_loss         | 9.58     |
---------------------------------------
env steps 7293 
----2022-10-11 16:38:06.164860 EDT-----
| rl_loss/alpha            | 0.1      |
| rl_loss/pi_grad_norm     | 0.019    |
| rl_loss/pi_rnn_grad_norm | 0.0427   |
| rl_loss/policy_entropy   | 0.0407   |
| rl_loss/policy_loss      | 6.49     |
| rl_loss/q_grad_norm      | 15.4     |
| rl_loss/q_rnn_grad_norm  | 59.1     |
| rl_loss/qf1_loss         | 15       |
| rl_loss/qf2_loss         | 15.3     |
---------------------------------------
env steps 9793 
----2022-10-11 16:39:01.062746 EDT-----
| rl_loss/alpha            | 0.1      |
| rl_loss/pi_grad_norm     | 0.0248   |
| rl_loss/pi_rnn_grad_norm | 0.0696   |
| rl_loss/policy_entropy   | 0.0209   |
| rl_loss/policy_loss      | 3        |
| rl_loss/q_grad_norm      | 22.2     |
| rl_loss/q_rnn_grad_norm  | 79.5     |
| rl_loss/qf1_loss         | 7.41     |
| rl_loss/qf2_loss         | 7.62     |
---------------------------------------
------2022-10-11 16:39:01.352009 EDT-------
| metrics/return_eval_avg      | -54      |
| metrics/total_steps_eval_avg | 7        |
| z/env_steps                  | 9793     |
| z/fps                        | 22.8     |
| z/rl_steps                   | 5000     |
| z/rollouts                   | 170      |
| z/time_cost                  | 532      |
-------------------------------------------
env steps 9984 
----2022-10-11 16:39:51.798468 EDT-----
| rl_loss/alpha            | 0.1      |
| rl_loss/pi_grad_norm     | 0.0228   |
| rl_loss/pi_rnn_grad_norm | 0.0459   |
| rl_loss/policy_entropy   | 0.0128   |
| rl_loss/policy_loss      | 1.97     |
| rl_loss/q_grad_norm      | 14.3     |
| rl_loss/q_rnn_grad_norm  | 44.7     |
| rl_loss/qf1_loss         | 13.3     |
| rl_loss/qf2_loss         | 13.4     |
---------------------------------------
env steps 10244 
----2022-10-11 16:40:42.614217 EDT-----
| rl_loss/alpha            | 0.1      |
| rl_loss/pi_grad_norm     | 0.0104   |
| rl_loss/pi_rnn_grad_norm | 0.021    |
| rl_loss/policy_entropy   | 0.0116   |
| rl_loss/policy_loss      | 1.64     |
| rl_loss/q_grad_norm      | 11.3     |
| rl_loss/q_rnn_grad_norm  | 33.6     |
| rl_loss/qf1_loss         | 12.2     |
| rl_loss/qf2_loss         | 12.3     |
---------------------------------------
------2022-10-11 16:40:42.969622 EDT-------
| metrics/return_eval_avg      | 2        |
| metrics/total_steps_eval_avg | 9        |
| z/env_steps                  | 10244    |
| z/fps                        | 4.44     |
| z/rl_steps                   | 7000     |
| z/rollouts                   | 220      |
| z/time_cost                  | 633      |
-------------------------------------------
env steps 10469 
----2022-10-11 16:41:33.764548 EDT-----
| rl_loss/alpha            | 0.1      |
| rl_loss/pi_grad_norm     | 0.0187   |
| rl_loss/pi_rnn_grad_norm | 0.0379   |
| rl_loss/policy_entropy   | 0.006    |
| rl_loss/policy_loss      | 1.57     |
| rl_loss/q_grad_norm      | 11.8     |
| rl_loss/q_rnn_grad_norm  | 28       |
| rl_loss/qf1_loss         | 13.1     |
| rl_loss/qf2_loss         | 13.1     |
---------------------------------------
env steps 10694 
----2022-10-11 16:42:24.662336 EDT-----
| rl_loss/alpha            | 0.1      |
| rl_loss/pi_grad_norm     | 0.0119   |
| rl_loss/pi_rnn_grad_norm | 0.0261   |
| rl_loss/policy_entropy   | 0.0086   |
| rl_loss/policy_loss      | 1.01     |
| rl_loss/q_grad_norm      | 14.6     |
| rl_loss/q_rnn_grad_norm  | 42.8     |
| rl_loss/qf1_loss         | 12       |
| rl_loss/qf2_loss         | 12       |
---------------------------------------
env steps 10919 
----2022-10-11 16:43:15.654305 EDT-----
| rl_loss/alpha            | 0.1      |
| rl_loss/pi_grad_norm     | 0.0076   |
| rl_loss/pi_rnn_grad_norm | 0.0163   |
| rl_loss/policy_entropy   | 0.0029   |
| rl_loss/policy_loss      | 0.559    |
| rl_loss/q_grad_norm      | 5.39     |
| rl_loss/q_rnn_grad_norm  | 12.9     |
| rl_loss/qf1_loss         | 11.6     |
| rl_loss/qf2_loss         | 11.7     |
---------------------------------------
env steps 11144 
----2022-10-11 16:44:06.448055 EDT-----
| rl_loss/alpha            | 0.1      |
| rl_loss/pi_grad_norm     | 0.0311   |
| rl_loss/pi_rnn_grad_norm | 0.074    |
| rl_loss/policy_entropy   | 0.0024   |
| rl_loss/policy_loss      | 0.909    |
| rl_loss/q_grad_norm      | 18.6     |
| rl_loss/q_rnn_grad_norm  | 47       |
| rl_loss/qf1_loss         | 11.2     |
| rl_loss/qf2_loss         | 11.2     |
---------------------------------------
env steps 11369 
----2022-10-11 16:44:57.534374 EDT-----
| rl_loss/alpha            | 0.1      |
| rl_loss/pi_grad_norm     | 0.0799   |
| rl_loss/pi_rnn_grad_norm | 0.18     |
| rl_loss/policy_entropy   | 0.005    |
| rl_loss/policy_loss      | 0.899    |
| rl_loss/q_grad_norm      | 15.4     |
| rl_loss/q_rnn_grad_norm  | 38       |
| rl_loss/qf1_loss         | 11.5     |
| rl_loss/qf2_loss         | 11.5     |
---------------------------------------
env steps 11594 
----2022-10-11 16:45:48.238756 EDT-----
| rl_loss/alpha            | 0.1      |
| rl_loss/pi_grad_norm     | 0.0003   |
| rl_loss/pi_rnn_grad_norm | 0.0006   |
| rl_loss/policy_entropy   | 0.0079   |
| rl_loss/policy_loss      | -0.0308  |
| rl_loss/q_grad_norm      | 12       |
| rl_loss/q_rnn_grad_norm  | 30.9     |
| rl_loss/qf1_loss         | 10.9     |
| rl_loss/qf2_loss         | 10.9     |
---------------------------------------
env steps 11819 
----2022-10-11 16:46:39.167978 EDT-----
| rl_loss/alpha            | 0.1      |
| rl_loss/pi_grad_norm     | 0.007    |
| rl_loss/pi_rnn_grad_norm | 0.0165   |
| rl_loss/policy_entropy   | 0.0039   |
| rl_loss/policy_loss      | -0.2     |
| rl_loss/q_grad_norm      | 7.22     |
| rl_loss/q_rnn_grad_norm  | 16       |
| rl_loss/qf1_loss         | 11       |
| rl_loss/qf2_loss         | 11       |
---------------------------------------
env steps 12044 
----2022-10-11 16:47:30.084697 EDT-----
| rl_loss/alpha            | 0.1      |
| rl_loss/pi_grad_norm     | 0.019    |
| rl_loss/pi_rnn_grad_norm | 0.0504   |
| rl_loss/policy_entropy   | 0.0028   |
| rl_loss/policy_loss      | -0.45    |
| rl_loss/q_grad_norm      | 10.7     |
| rl_loss/q_rnn_grad_norm  | 23.3     |
| rl_loss/qf1_loss         | 11.1     |
| rl_loss/qf2_loss         | 11.1     |
---------------------------------------
env steps 12269 
----2022-10-11 16:48:21.149296 EDT-----
| rl_loss/alpha            | 0.1      |
| rl_loss/pi_grad_norm     | 0.0002   |
| rl_loss/pi_rnn_grad_norm | 0.0003   |
| rl_loss/policy_entropy   | 0.0004   |
| rl_loss/policy_loss      | -0.596   |
| rl_loss/q_grad_norm      | 8.03     |
| rl_loss/q_rnn_grad_norm  | 16.3     |
| rl_loss/qf1_loss         | 10.5     |
| rl_loss/qf2_loss         | 10.5     |
---------------------------------------
env steps 12494 
----2022-10-11 16:49:11.168258 EDT-----
| rl_loss/alpha            | 0.1      |
| rl_loss/pi_grad_norm     | 0        |
| rl_loss/pi_rnn_grad_norm | 0        |
| rl_loss/policy_entropy   | 0.0001   |
| rl_loss/policy_loss      | -0.48    |
| rl_loss/q_grad_norm      | 5.72     |
| rl_loss/q_rnn_grad_norm  | 9.43     |
| rl_loss/qf1_loss         | 9.94     |
| rl_loss/qf2_loss         | 9.95     |
---------------------------------------
env steps 12719 
----2022-10-11 16:50:02.188037 EDT-----
| rl_loss/alpha            | 0.1      |
| rl_loss/pi_grad_norm     | 0        |
| rl_loss/pi_rnn_grad_norm | 0        |
| rl_loss/policy_entropy   | 0        |
| rl_loss/policy_loss      | -0.308   |
| rl_loss/q_grad_norm      | 9.71     |
| rl_loss/q_rnn_grad_norm  | 26       |
| rl_loss/qf1_loss         | 9.85     |
| rl_loss/qf2_loss         | 9.85     |
---------------------------------------
------2022-10-11 16:50:02.549314 EDT-------
| metrics/return_eval_avg      | 2        |
| metrics/total_steps_eval_avg | 9        |
| z/env_steps                  | 12719    |
| z/fps                        | 4.42     |
| z/rl_steps                   | 18000    |
| z/rollouts                   | 495      |
| z/time_cost                  | 1193     |
-------------------------------------------
env steps 12944 
----2022-10-11 16:51:18.921016 EDT-----
| rl_loss/alpha            | 0.1      |
| rl_loss/pi_grad_norm     | 0        |
| rl_loss/pi_rnn_grad_norm | 0        |
| rl_loss/policy_entropy   | 0        |
| rl_loss/policy_loss      | -0.41    |
| rl_loss/q_grad_norm      | 6.24     |
| rl_loss/q_rnn_grad_norm  | 13.9     |
| rl_loss/qf1_loss         | 10.4     |
| rl_loss/qf2_loss         | 10.4     |
---------------------------------------
env steps 13169 
----2022-10-11 16:52:10.014861 EDT-----
| rl_loss/alpha            | 0.1      |
| rl_loss/pi_grad_norm     | 0        |
| rl_loss/pi_rnn_grad_norm | 0        |
| rl_loss/policy_entropy   | 0        |
| rl_loss/policy_loss      | -0.436   |
| rl_loss/q_grad_norm      | 5        |
| rl_loss/q_rnn_grad_norm  | 8.95     |
| rl_loss/qf1_loss         | 9.48     |
| rl_loss/qf2_loss         | 9.47     |
---------------------------------------
env steps 13394 
----2022-10-11 16:53:01.146681 EDT-----
| rl_loss/alpha            | 0.1      |
| rl_loss/pi_grad_norm     | 0        |
| rl_loss/pi_rnn_grad_norm | 0        |
| rl_loss/policy_entropy   | 0        |
| rl_loss/policy_loss      | -0.548   |
| rl_loss/q_grad_norm      | 10.1     |
| rl_loss/q_rnn_grad_norm  | 21.5     |
| rl_loss/qf1_loss         | 9.14     |
| rl_loss/qf2_loss         | 9.14     |
---------------------------------------
env steps 13619 
----2022-10-11 16:53:52.356419 EDT-----
| rl_loss/alpha            | 0.1      |
| rl_loss/pi_grad_norm     | 0        |
| rl_loss/pi_rnn_grad_norm | 0        |
| rl_loss/policy_entropy   | 0        |
| rl_loss/policy_loss      | -0.496   |
| rl_loss/q_grad_norm      | 12.9     |
| rl_loss/q_rnn_grad_norm  | 43       |
| rl_loss/qf1_loss         | 9.46     |
| rl_loss/qf2_loss         | 9.47     |
---------------------------------------
env steps 13844 
----2022-10-11 16:54:43.141628 EDT-----
| rl_loss/alpha            | 0.1      |
| rl_loss/pi_grad_norm     | 0        |
| rl_loss/pi_rnn_grad_norm | 0        |
| rl_loss/policy_entropy   | 0        |
| rl_loss/policy_loss      | -0.796   |
| rl_loss/q_grad_norm      | 2.86     |
| rl_loss/q_rnn_grad_norm  | 3.56     |
| rl_loss/qf1_loss         | 9.23     |
| rl_loss/qf2_loss         | 9.23     |
---------------------------------------
env steps 14069 
----2022-10-11 16:55:33.950107 EDT-----
| rl_loss/alpha            | 0.1      |
| rl_loss/pi_grad_norm     | 0        |
| rl_loss/pi_rnn_grad_norm | 0        |
| rl_loss/policy_entropy   | 0        |
| rl_loss/policy_loss      | -0.902   |
| rl_loss/q_grad_norm      | 4.12     |
| rl_loss/q_rnn_grad_norm  | 4.52     |
| rl_loss/qf1_loss         | 8.52     |
| rl_loss/qf2_loss         | 8.53     |
---------------------------------------
env steps 14294 
----2022-10-11 16:56:25.070448 EDT-----
| rl_loss/alpha            | 0.1      |
| rl_loss/pi_grad_norm     | 0        |
| rl_loss/pi_rnn_grad_norm | 0        |
| rl_loss/policy_entropy   | 0        |
| rl_loss/policy_loss      | -0.936   |
| rl_loss/q_grad_norm      | 7.93     |
| rl_loss/q_rnn_grad_norm  | 16.2     |
| rl_loss/qf1_loss         | 9.04     |
| rl_loss/qf2_loss         | 9.04     |
---------------------------------------
env steps 14519 
----2022-10-11 16:57:16.068680 EDT-----
| rl_loss/alpha            | 0.1      |
| rl_loss/pi_grad_norm     | 0        |
| rl_loss/pi_rnn_grad_norm | 0        |
| rl_loss/policy_entropy   | 0        |
| rl_loss/policy_loss      | -1.08    |
| rl_loss/q_grad_norm      | 7.34     |
| rl_loss/q_rnn_grad_norm  | 13.3     |
| rl_loss/qf1_loss         | 9.1      |
| rl_loss/qf2_loss         | 9.11     |
---------------------------------------
env steps 14744 
----2022-10-11 16:58:05.845708 EDT-----
| rl_loss/alpha            | 0.1      |
| rl_loss/pi_grad_norm     | 0        |
| rl_loss/pi_rnn_grad_norm | 0        |
| rl_loss/policy_entropy   | 0        |
| rl_loss/policy_loss      | -1.28    |
| rl_loss/q_grad_norm      | 11.9     |
| rl_loss/q_rnn_grad_norm  | 21.4     |
| rl_loss/qf1_loss         | 8.95     |
| rl_loss/qf2_loss         | 8.94     |
---------------------------------------
env steps 14969 
----2022-10-11 16:58:56.868358 EDT-----
| rl_loss/alpha            | 0.1      |
| rl_loss/pi_grad_norm     | 0        |
| rl_loss/pi_rnn_grad_norm | 0        |
| rl_loss/policy_entropy   | 0        |
| rl_loss/policy_loss      | -1.33    |
| rl_loss/q_grad_norm      | 3.6      |
| rl_loss/q_rnn_grad_norm  | 3.77     |
| rl_loss/qf1_loss         | 8.27     |
| rl_loss/qf2_loss         | 8.28     |
---------------------------------------
env steps 15194 
----2022-10-11 16:59:47.712000 EDT-----
| rl_loss/alpha            | 0.1      |
| rl_loss/pi_grad_norm     | 0        |
| rl_loss/pi_rnn_grad_norm | 0        |
| rl_loss/policy_entropy   | 0        |
| rl_loss/policy_loss      | -1.39    |
| rl_loss/q_grad_norm      | 3.81     |
| rl_loss/q_rnn_grad_norm  | 6.21     |
| rl_loss/qf1_loss         | 8.14     |
| rl_loss/qf2_loss         | 8.14     |
---------------------------------------
------2022-10-11 16:59:48.071339 EDT-------
| metrics/return_eval_avg      | 2        |
| metrics/total_steps_eval_avg | 9        |
| z/env_steps                  | 15194    |
| z/fps                        | 4.23     |
| z/rl_steps                   | 29000    |
| z/rollouts                   | 770      |
| z/time_cost                  | 1778     |
-------------------------------------------
env steps 15419 
----2022-10-11 17:00:39.234239 EDT-----
| rl_loss/alpha            | 0.1      |
| rl_loss/pi_grad_norm     | 0        |
| rl_loss/pi_rnn_grad_norm | 0        |
| rl_loss/policy_entropy   | 0        |
| rl_loss/policy_loss      | -1.61    |
| rl_loss/q_grad_norm      | 6.98     |
| rl_loss/q_rnn_grad_norm  | 16       |
| rl_loss/qf1_loss         | 9.34     |
| rl_loss/qf2_loss         | 9.35     |
---------------------------------------
env steps 15644 
----2022-10-11 17:01:29.345390 EDT-----
| rl_loss/alpha            | 0.1      |
| rl_loss/pi_grad_norm     | 0        |
| rl_loss/pi_rnn_grad_norm | 0        |
| rl_loss/policy_entropy   | 0        |
| rl_loss/policy_loss      | -1.76    |
| rl_loss/q_grad_norm      | 6.21     |
| rl_loss/q_rnn_grad_norm  | 7.63     |
| rl_loss/qf1_loss         | 8.14     |
| rl_loss/qf2_loss         | 8.14     |
---------------------------------------
env steps 15869 
----2022-10-11 17:02:20.440557 EDT-----
| rl_loss/alpha            | 0.1      |
| rl_loss/pi_grad_norm     | 0        |
| rl_loss/pi_rnn_grad_norm | 0        |
| rl_loss/policy_entropy   | 0        |
| rl_loss/policy_loss      | -1.79    |
| rl_loss/q_grad_norm      | 2.97     |
| rl_loss/q_rnn_grad_norm  | 3.62     |
| rl_loss/qf1_loss         | 8.07     |
| rl_loss/qf2_loss         | 8.08     |
---------------------------------------
env steps 16094 
----2022-10-11 17:03:11.103594 EDT-----
| rl_loss/alpha            | 0.1      |
| rl_loss/pi_grad_norm     | 0        |
| rl_loss/pi_rnn_grad_norm | 0        |
| rl_loss/policy_entropy   | 0        |
| rl_loss/policy_loss      | -1.83    |
| rl_loss/q_grad_norm      | 3.43     |
| rl_loss/q_rnn_grad_norm  | 3.58     |
| rl_loss/qf1_loss         | 7.63     |
| rl_loss/qf2_loss         | 7.62     |
---------------------------------------
env steps 16319 
----2022-10-11 17:04:02.578838 EDT-----
| rl_loss/alpha            | 0.1      |
| rl_loss/pi_grad_norm     | 0        |
| rl_loss/pi_rnn_grad_norm | 0        |
| rl_loss/policy_entropy   | 0        |
| rl_loss/policy_loss      | -1.76    |
| rl_loss/q_grad_norm      | 6.01     |
| rl_loss/q_rnn_grad_norm  | 9.5      |
| rl_loss/qf1_loss         | 7.46     |
| rl_loss/qf2_loss         | 7.47     |
---------------------------------------
env steps 16544 
----2022-10-11 17:04:53.698164 EDT-----
| rl_loss/alpha            | 0.1      |
| rl_loss/pi_grad_norm     | 0        |
| rl_loss/pi_rnn_grad_norm | 0        |
| rl_loss/policy_entropy   | 0.0001   |
| rl_loss/policy_loss      | -1.87    |
| rl_loss/q_grad_norm      | 2.47     |
| rl_loss/q_rnn_grad_norm  | 2.16     |
| rl_loss/qf1_loss         | 7.5      |
| rl_loss/qf2_loss         | 7.49     |
---------------------------------------
env steps 16769 
----2022-10-11 17:05:44.531818 EDT-----
| rl_loss/alpha            | 0.1      |
| rl_loss/pi_grad_norm     | 0        |
| rl_loss/pi_rnn_grad_norm | 0        |
| rl_loss/policy_entropy   | 0        |
| rl_loss/policy_loss      | -1.73    |
| rl_loss/q_grad_norm      | 3.55     |
| rl_loss/q_rnn_grad_norm  | 2.77     |
| rl_loss/qf1_loss         | 7.61     |
| rl_loss/qf2_loss         | 7.61     |
---------------------------------------
env steps 16994 
----2022-10-11 17:06:35.636902 EDT-----
| rl_loss/alpha            | 0.1      |
| rl_loss/pi_grad_norm     | 0        |
| rl_loss/pi_rnn_grad_norm | 0        |
| rl_loss/policy_entropy   | 0        |
| rl_loss/policy_loss      | -1.84    |
| rl_loss/q_grad_norm      | 3.31     |
| rl_loss/q_rnn_grad_norm  | 2.87     |
| rl_loss/qf1_loss         | 7.2      |
| rl_loss/qf2_loss         | 7.19     |
---------------------------------------
env steps 17219 
----2022-10-11 17:07:26.779439 EDT-----
| rl_loss/alpha            | 0.1      |
| rl_loss/pi_grad_norm     | 0        |
| rl_loss/pi_rnn_grad_norm | 0        |
| rl_loss/policy_entropy   | 0        |
| rl_loss/policy_loss      | -1.88    |
| rl_loss/q_grad_norm      | 2.6      |
| rl_loss/q_rnn_grad_norm  | 2.12     |
| rl_loss/qf1_loss         | 7.93     |
| rl_loss/qf2_loss         | 7.95     |
---------------------------------------
env steps 17444 
----2022-10-11 17:08:16.619124 EDT-----
| rl_loss/alpha            | 0.1      |
| rl_loss/pi_grad_norm     | 0        |
| rl_loss/pi_rnn_grad_norm | 0        |
| rl_loss/policy_entropy   | 0        |
| rl_loss/policy_loss      | -2.06    |
| rl_loss/q_grad_norm      | 5.01     |
| rl_loss/q_rnn_grad_norm  | 6.08     |
| rl_loss/qf1_loss         | 7.09     |
| rl_loss/qf2_loss         | 7.07     |
---------------------------------------
env steps 17669 
----2022-10-11 17:09:06.564691 EDT-----
| rl_loss/alpha            | 0.1      |
| rl_loss/pi_grad_norm     | 0        |
| rl_loss/pi_rnn_grad_norm | 0        |
| rl_loss/policy_entropy   | 0        |
| rl_loss/policy_loss      | -2.17    |
| rl_loss/q_grad_norm      | 3.5      |
| rl_loss/q_rnn_grad_norm  | 3.39     |
| rl_loss/qf1_loss         | 6.75     |
| rl_loss/qf2_loss         | 6.76     |
---------------------------------------
------2022-10-11 17:09:06.928247 EDT-------
| metrics/return_eval_avg      | 2        |
| metrics/total_steps_eval_avg | 9        |
| z/env_steps                  | 17669    |
| z/fps                        | 4.43     |
| z/rl_steps                   | 40000    |
| z/rollouts                   | 1045     |
| z/time_cost                  | 2337     |
-------------------------------------------
env steps 17894 
----2022-10-11 17:09:58.116722 EDT-----
| rl_loss/alpha            | 0.1      |
| rl_loss/pi_grad_norm     | 0        |
| rl_loss/pi_rnn_grad_norm | 0        |
| rl_loss/policy_entropy   | 0        |
| rl_loss/policy_loss      | -2.16    |
| rl_loss/q_grad_norm      | 17.6     |
| rl_loss/q_rnn_grad_norm  | 39.7     |
| rl_loss/qf1_loss         | 7.25     |
| rl_loss/qf2_loss         | 7.26     |
---------------------------------------
env steps 18119 
----2022-10-11 17:10:49.384034 EDT-----
| rl_loss/alpha            | 0.1      |
| rl_loss/pi_grad_norm     | 0        |
| rl_loss/pi_rnn_grad_norm | 0        |
| rl_loss/policy_entropy   | 0        |
| rl_loss/policy_loss      | -2.27    |
| rl_loss/q_grad_norm      | 4.17     |
| rl_loss/q_rnn_grad_norm  | 4.3      |
| rl_loss/qf1_loss         | 7.01     |
| rl_loss/qf2_loss         | 7.01     |
---------------------------------------
env steps 18344 
----2022-10-11 17:11:40.234219 EDT-----
| rl_loss/alpha            | 0.1      |
| rl_loss/pi_grad_norm     | 0        |
| rl_loss/pi_rnn_grad_norm | 0        |
| rl_loss/policy_entropy   | 0        |
| rl_loss/policy_loss      | -2.36    |
| rl_loss/q_grad_norm      | 4.35     |
| rl_loss/q_rnn_grad_norm  | 4.57     |
| rl_loss/qf1_loss         | 6.73     |
| rl_loss/qf2_loss         | 6.73     |
---------------------------------------
env steps 18569 
----2022-10-11 17:12:30.680119 EDT-----
| rl_loss/alpha            | 0.1      |
| rl_loss/pi_grad_norm     | 0        |
| rl_loss/pi_rnn_grad_norm | 0        |
| rl_loss/policy_entropy   | 0        |
| rl_loss/policy_loss      | -2.4     |
| rl_loss/q_grad_norm      | 3.41     |
| rl_loss/q_rnn_grad_norm  | 3.44     |
| rl_loss/qf1_loss         | 6.6      |
| rl_loss/qf2_loss         | 6.58     |
---------------------------------------
env steps 18794 
----2022-10-11 17:13:21.906383 EDT-----
| rl_loss/alpha            | 0.1      |
| rl_loss/pi_grad_norm     | 0        |
| rl_loss/pi_rnn_grad_norm | 0        |
| rl_loss/policy_entropy   | 0        |
| rl_loss/policy_loss      | -2.39    |
| rl_loss/q_grad_norm      | 11.6     |
| rl_loss/q_rnn_grad_norm  | 31.1     |
| rl_loss/qf1_loss         | 7.97     |
| rl_loss/qf2_loss         | 7.95     |
---------------------------------------
env steps 19019 
----2022-10-11 17:14:12.229337 EDT-----
| rl_loss/alpha            | 0.1      |
| rl_loss/pi_grad_norm     | 0        |
| rl_loss/pi_rnn_grad_norm | 0        |
| rl_loss/policy_entropy   | 0        |
| rl_loss/policy_loss      | -2.41    |
| rl_loss/q_grad_norm      | 2.25     |
| rl_loss/q_rnn_grad_norm  | 1.42     |
| rl_loss/qf1_loss         | 6.85     |
| rl_loss/qf2_loss         | 6.85     |
---------------------------------------
env steps 19244 
----2022-10-11 17:15:03.082636 EDT-----
| rl_loss/alpha            | 0.1      |
| rl_loss/pi_grad_norm     | 0        |
| rl_loss/pi_rnn_grad_norm | 0        |
| rl_loss/policy_entropy   | 0        |
| rl_loss/policy_loss      | -2.56    |
| rl_loss/q_grad_norm      | 7.37     |
| rl_loss/q_rnn_grad_norm  | 10.6     |
| rl_loss/qf1_loss         | 6.68     |
| rl_loss/qf2_loss         | 6.66     |
---------------------------------------
env steps 19469 
----2022-10-11 17:15:54.379992 EDT-----
| rl_loss/alpha            | 0.1      |
| rl_loss/pi_grad_norm     | 0        |
| rl_loss/pi_rnn_grad_norm | 0        |
| rl_loss/policy_entropy   | 0        |
| rl_loss/policy_loss      | -2.62    |
| rl_loss/q_grad_norm      | 5.87     |
| rl_loss/q_rnn_grad_norm  | 5.38     |
| rl_loss/qf1_loss         | 6.26     |
| rl_loss/qf2_loss         | 6.26     |
---------------------------------------
env steps 19694 
----2022-10-11 17:18:34.854256 EDT-----
| rl_loss/alpha            | 0.1      |
| rl_loss/pi_grad_norm     | 0        |
| rl_loss/pi_rnn_grad_norm | 0        |
| rl_loss/policy_entropy   | 0        |
| rl_loss/policy_loss      | -2.73    |
| rl_loss/q_grad_norm      | 5.23     |
| rl_loss/q_rnn_grad_norm  | 8.15     |
| rl_loss/qf1_loss         | 6.3      |
| rl_loss/qf2_loss         | 6.3      |
---------------------------------------
env steps 19919 
----2022-10-11 17:19:25.569606 EDT-----
| rl_loss/alpha            | 0.1      |
| rl_loss/pi_grad_norm     | 0        |
| rl_loss/pi_rnn_grad_norm | 0        |
| rl_loss/policy_entropy   | 0        |
| rl_loss/policy_loss      | -2.75    |
| rl_loss/q_grad_norm      | 2.66     |
| rl_loss/q_rnn_grad_norm  | 1.97     |
| rl_loss/qf1_loss         | 6.37     |
| rl_loss/qf2_loss         | 6.37     |
---------------------------------------
env steps 20144 
----2022-10-11 17:20:19.097621 EDT-----
| rl_loss/alpha            | 0.1      |
| rl_loss/pi_grad_norm     | 0        |
| rl_loss/pi_rnn_grad_norm | 0        |
| rl_loss/policy_entropy   | 0        |
| rl_loss/policy_loss      | -2.75    |
| rl_loss/q_grad_norm      | 2.64     |
| rl_loss/q_rnn_grad_norm  | 1.53     |
| rl_loss/qf1_loss         | 6.69     |
| rl_loss/qf2_loss         | 6.69     |
---------------------------------------
------2022-10-11 17:21:07.539252 EDT-------
| metrics/return_eval_avg      | 2        |
| metrics/total_steps_eval_avg | 9        |
| z/env_steps                  | 20144    |
| z/fps                        | 3.43     |
| z/rl_steps                   | 51000    |
| z/rollouts                   | 1320     |
| z/time_cost                  | 3058     |
-------------------------------------------
env steps 20369 
----2022-10-11 17:22:01.460485 EDT-----
| rl_loss/alpha            | 0.1      |
| rl_loss/pi_grad_norm     | 0        |
| rl_loss/pi_rnn_grad_norm | 0        |
| rl_loss/policy_entropy   | 0        |
| rl_loss/policy_loss      | -2.82    |
| rl_loss/q_grad_norm      | 5.46     |
| rl_loss/q_rnn_grad_norm  | 4.48     |
| rl_loss/qf1_loss         | 5.72     |
| rl_loss/qf2_loss         | 5.69     |
---------------------------------------
env steps 20594 
----2022-10-11 17:22:55.193149 EDT-----
| rl_loss/alpha            | 0.1      |
| rl_loss/pi_grad_norm     | 0        |
| rl_loss/pi_rnn_grad_norm | 0        |
| rl_loss/policy_entropy   | 0        |
| rl_loss/policy_loss      | -2.91    |
| rl_loss/q_grad_norm      | 8.94     |
| rl_loss/q_rnn_grad_norm  | 11.3     |
| rl_loss/qf1_loss         | 5.82     |
| rl_loss/qf2_loss         | 5.82     |
---------------------------------------
env steps 20819 
----2022-10-11 17:23:48.960672 EDT-----
| rl_loss/alpha            | 0.1      |
| rl_loss/pi_grad_norm     | 0        |
| rl_loss/pi_rnn_grad_norm | 0        |
| rl_loss/policy_entropy   | 0        |
| rl_loss/policy_loss      | -2.98    |
| rl_loss/q_grad_norm      | 5.41     |
| rl_loss/q_rnn_grad_norm  | 7.15     |
| rl_loss/qf1_loss         | 7.24     |
| rl_loss/qf2_loss         | 7.24     |
---------------------------------------
env steps 21044 
----2022-10-11 17:24:43.082904 EDT-----
| rl_loss/alpha            | 0.1      |
| rl_loss/pi_grad_norm     | 0        |
| rl_loss/pi_rnn_grad_norm | 0        |
| rl_loss/policy_entropy   | 0        |
| rl_loss/policy_loss      | -3.08    |
| rl_loss/q_grad_norm      | 3.11     |
| rl_loss/q_rnn_grad_norm  | 2.96     |
| rl_loss/qf1_loss         | 5.78     |
| rl_loss/qf2_loss         | 5.79     |
---------------------------------------
env steps 21269 
----2022-10-11 17:25:35.273787 EDT-----
| rl_loss/alpha            | 0.1      |
| rl_loss/pi_grad_norm     | 0        |
| rl_loss/pi_rnn_grad_norm | 0        |
| rl_loss/policy_entropy   | 0        |
| rl_loss/policy_loss      | -3.07    |
| rl_loss/q_grad_norm      | 2.01     |
| rl_loss/q_rnn_grad_norm  | 1.21     |
| rl_loss/qf1_loss         | 5.93     |
| rl_loss/qf2_loss         | 5.93     |
---------------------------------------
env steps 21494 
----2022-10-11 17:26:29.228841 EDT-----
| rl_loss/alpha            | 0.1      |
| rl_loss/pi_grad_norm     | 0        |
| rl_loss/pi_rnn_grad_norm | 0        |
| rl_loss/policy_entropy   | 0        |
| rl_loss/policy_loss      | -3.1     |
| rl_loss/q_grad_norm      | 2.19     |
| rl_loss/q_rnn_grad_norm  | 1.47     |
| rl_loss/qf1_loss         | 5.55     |
| rl_loss/qf2_loss         | 5.55     |
---------------------------------------
env steps 21719 
----2022-10-11 17:27:22.863774 EDT-----
| rl_loss/alpha            | 0.1      |
| rl_loss/pi_grad_norm     | 0        |
| rl_loss/pi_rnn_grad_norm | 0        |
| rl_loss/policy_entropy   | 0        |
| rl_loss/policy_loss      | -3.09    |
| rl_loss/q_grad_norm      | 2        |
| rl_loss/q_rnn_grad_norm  | 1.1      |
| rl_loss/qf1_loss         | 5.56     |
| rl_loss/qf2_loss         | 5.56     |
---------------------------------------
env steps 21944 
----2022-10-11 17:28:16.605843 EDT-----
| rl_loss/alpha            | 0.1      |
| rl_loss/pi_grad_norm     | 0        |
| rl_loss/pi_rnn_grad_norm | 0        |
| rl_loss/policy_entropy   | 0        |
| rl_loss/policy_loss      | -3.07    |
| rl_loss/q_grad_norm      | 3.73     |
| rl_loss/q_rnn_grad_norm  | 3.79     |
| rl_loss/qf1_loss         | 9.55     |
| rl_loss/qf2_loss         | 9.54     |
---------------------------------------
env steps 22169 
----2022-10-11 17:29:10.415433 EDT-----
| rl_loss/alpha            | 0.1      |
| rl_loss/pi_grad_norm     | 0        |
| rl_loss/pi_rnn_grad_norm | 0        |
| rl_loss/policy_entropy   | 0        |
| rl_loss/policy_loss      | -3.09    |
| rl_loss/q_grad_norm      | 8.01     |
| rl_loss/q_rnn_grad_norm  | 16.5     |
| rl_loss/qf1_loss         | 7.46     |
| rl_loss/qf2_loss         | 7.47     |
---------------------------------------
env steps 22394 
----2022-10-11 17:30:04.302692 EDT-----
| rl_loss/alpha            | 0.1      |
| rl_loss/pi_grad_norm     | 0        |
| rl_loss/pi_rnn_grad_norm | 0        |
| rl_loss/policy_entropy   | 0        |
| rl_loss/policy_loss      | -2.84    |
| rl_loss/q_grad_norm      | 2.21     |
| rl_loss/q_rnn_grad_norm  | 1.11     |
| rl_loss/qf1_loss         | 6.38     |
| rl_loss/qf2_loss         | 6.34     |
---------------------------------------
env steps 22619 
----2022-10-11 17:30:58.183485 EDT-----
| rl_loss/alpha            | 0.1      |
| rl_loss/pi_grad_norm     | 0        |
| rl_loss/pi_rnn_grad_norm | 0        |
| rl_loss/policy_entropy   | 0        |
| rl_loss/policy_loss      | -2.83    |
| rl_loss/q_grad_norm      | 2.26     |
| rl_loss/q_rnn_grad_norm  | 1.56     |
| rl_loss/qf1_loss         | 6.11     |
| rl_loss/qf2_loss         | 6.13     |
---------------------------------------
------2022-10-11 17:30:58.694585 EDT-------
| metrics/return_eval_avg      | 2        |
| metrics/total_steps_eval_avg | 9        |
| z/env_steps                  | 22619    |
| z/fps                        | 4.19     |
| z/rl_steps                   | 62000    |
| z/rollouts                   | 1595     |
| z/time_cost                  | 3649     |
-------------------------------------------
env steps 22844 
----2022-10-11 17:34:09.403810 EDT-----
| rl_loss/alpha            | 0.1      |
| rl_loss/pi_grad_norm     | 0        |
| rl_loss/pi_rnn_grad_norm | 0        |
| rl_loss/policy_entropy   | 0        |
| rl_loss/policy_loss      | -2.83    |
| rl_loss/q_grad_norm      | 13.9     |
| rl_loss/q_rnn_grad_norm  | 32.8     |
| rl_loss/qf1_loss         | 6.14     |
| rl_loss/qf2_loss         | 6.14     |
---------------------------------------
env steps 23069 
----2022-10-11 17:35:03.266278 EDT-----
| rl_loss/alpha            | 0.1      |
| rl_loss/pi_grad_norm     | 0        |
| rl_loss/pi_rnn_grad_norm | 0        |
| rl_loss/policy_entropy   | 0        |
| rl_loss/policy_loss      | -2.84    |
| rl_loss/q_grad_norm      | 3.22     |
| rl_loss/q_rnn_grad_norm  | 3.01     |
| rl_loss/qf1_loss         | 5.37     |
| rl_loss/qf2_loss         | 5.37     |
---------------------------------------
env steps 23294 
----2022-10-11 17:35:57.235107 EDT-----
| rl_loss/alpha            | 0.1      |
| rl_loss/pi_grad_norm     | 0        |
| rl_loss/pi_rnn_grad_norm | 0        |
| rl_loss/policy_entropy   | 0        |
| rl_loss/policy_loss      | -2.95    |
| rl_loss/q_grad_norm      | 1.96     |
| rl_loss/q_rnn_grad_norm  | 1.08     |
| rl_loss/qf1_loss         | 5.23     |
| rl_loss/qf2_loss         | 5.22     |
---------------------------------------
env steps 23519 
----2022-10-11 17:36:50.760463 EDT-----
| rl_loss/alpha            | 0.1      |
| rl_loss/pi_grad_norm     | 0        |
| rl_loss/pi_rnn_grad_norm | 0        |
| rl_loss/policy_entropy   | 0        |
| rl_loss/policy_loss      | -2.99    |
| rl_loss/q_grad_norm      | 2.27     |
| rl_loss/q_rnn_grad_norm  | 1.73     |
| rl_loss/qf1_loss         | 5.44     |
| rl_loss/qf2_loss         | 5.45     |
---------------------------------------
env steps 23744 
----2022-10-11 17:37:44.775424 EDT-----
| rl_loss/alpha            | 0.1      |
| rl_loss/pi_grad_norm     | 0        |
| rl_loss/pi_rnn_grad_norm | 0        |
| rl_loss/policy_entropy   | 0        |
| rl_loss/policy_loss      | -3.05    |
| rl_loss/q_grad_norm      | 4.32     |
| rl_loss/q_rnn_grad_norm  | 5.22     |
| rl_loss/qf1_loss         | 4.94     |
| rl_loss/qf2_loss         | 4.93     |
---------------------------------------
env steps 23969 
----2022-10-11 17:38:38.663754 EDT-----
| rl_loss/alpha            | 0.1      |
| rl_loss/pi_grad_norm     | 0        |
| rl_loss/pi_rnn_grad_norm | 0        |
| rl_loss/policy_entropy   | 0        |
| rl_loss/policy_loss      | -3.19    |
| rl_loss/q_grad_norm      | 2.31     |
| rl_loss/q_rnn_grad_norm  | 1.41     |
| rl_loss/qf1_loss         | 5.34     |
| rl_loss/qf2_loss         | 5.34     |
---------------------------------------
env steps 24194 
----2022-10-11 17:39:32.363859 EDT-----
| rl_loss/alpha            | 0.1      |
| rl_loss/pi_grad_norm     | 0        |
| rl_loss/pi_rnn_grad_norm | 0        |
| rl_loss/policy_entropy   | 0        |
| rl_loss/policy_loss      | -3.05    |
| rl_loss/q_grad_norm      | 2.74     |
| rl_loss/q_rnn_grad_norm  | 2.56     |
| rl_loss/qf1_loss         | 4.96     |
| rl_loss/qf2_loss         | 4.95     |
---------------------------------------
env steps 24419 
----2022-10-11 17:40:26.118601 EDT-----
| rl_loss/alpha            | 0.1      |
| rl_loss/pi_grad_norm     | 0        |
| rl_loss/pi_rnn_grad_norm | 0        |
| rl_loss/policy_entropy   | 0        |
| rl_loss/policy_loss      | -3.14    |
| rl_loss/q_grad_norm      | 2.78     |
| rl_loss/q_rnn_grad_norm  | 1.63     |
| rl_loss/qf1_loss         | 5.77     |
| rl_loss/qf2_loss         | 5.76     |
---------------------------------------
env steps 24644 
----2022-10-11 17:41:19.943383 EDT-----
| rl_loss/alpha            | 0.1      |
| rl_loss/pi_grad_norm     | 0        |
| rl_loss/pi_rnn_grad_norm | 0        |
| rl_loss/policy_entropy   | 0        |
| rl_loss/policy_loss      | -3.17    |
| rl_loss/q_grad_norm      | 4.64     |
| rl_loss/q_rnn_grad_norm  | 7.81     |
| rl_loss/qf1_loss         | 5.1      |
| rl_loss/qf2_loss         | 5.08     |
---------------------------------------
env steps 24869 
----2022-10-11 17:42:13.666970 EDT-----
| rl_loss/alpha            | 0.1      |
| rl_loss/pi_grad_norm     | 0        |
| rl_loss/pi_rnn_grad_norm | 0        |
| rl_loss/policy_entropy   | 0        |
| rl_loss/policy_loss      | -3.27    |
| rl_loss/q_grad_norm      | 3.07     |
| rl_loss/q_rnn_grad_norm  | 2.78     |
| rl_loss/qf1_loss         | 5.34     |
| rl_loss/qf2_loss         | 5.33     |
---------------------------------------
env steps 25094 
----2022-10-11 17:43:07.356840 EDT-----
| rl_loss/alpha            | 0.1      |
| rl_loss/pi_grad_norm     | 0        |
| rl_loss/pi_rnn_grad_norm | 0        |
| rl_loss/policy_entropy   | 0        |
| rl_loss/policy_loss      | -3.21    |
| rl_loss/q_grad_norm      | 3.25     |
| rl_loss/q_rnn_grad_norm  | 2.56     |
| rl_loss/qf1_loss         | 4.42     |
| rl_loss/qf2_loss         | 4.42     |
---------------------------------------
------2022-10-11 17:43:07.861148 EDT-------
| metrics/return_eval_avg      | 2        |
| metrics/total_steps_eval_avg | 9        |
| z/env_steps                  | 25094    |
| z/fps                        | 3.39     |
| z/rl_steps                   | 73000    |
| z/rollouts                   | 1870     |
| z/time_cost                  | 4378     |
-------------------------------------------
env steps 25319 
----2022-10-11 17:44:32.422087 EDT-----
| rl_loss/alpha            | 0.1      |
| rl_loss/pi_grad_norm     | 0        |
| rl_loss/pi_rnn_grad_norm | 0        |
| rl_loss/policy_entropy   | 0        |
| rl_loss/policy_loss      | -3.25    |
| rl_loss/q_grad_norm      | 2.15     |
| rl_loss/q_rnn_grad_norm  | 1.02     |
| rl_loss/qf1_loss         | 5.04     |
| rl_loss/qf2_loss         | 5.04     |
---------------------------------------
env steps 25544 
----2022-10-11 17:45:25.694188 EDT-----
| rl_loss/alpha            | 0.1      |
| rl_loss/pi_grad_norm     | 0        |
| rl_loss/pi_rnn_grad_norm | 0        |
| rl_loss/policy_entropy   | 0        |
| rl_loss/policy_loss      | -3.34    |
| rl_loss/q_grad_norm      | 2.72     |
| rl_loss/q_rnn_grad_norm  | 2.11     |
| rl_loss/qf1_loss         | 5.08     |
| rl_loss/qf2_loss         | 5.07     |
---------------------------------------
env steps 25769 
----2022-10-11 17:46:19.407665 EDT-----
| rl_loss/alpha            | 0.1      |
| rl_loss/pi_grad_norm     | 0        |
| rl_loss/pi_rnn_grad_norm | 0        |
| rl_loss/policy_entropy   | 0        |
| rl_loss/policy_loss      | -3.15    |
| rl_loss/q_grad_norm      | 2.31     |
| rl_loss/q_rnn_grad_norm  | 1.16     |
| rl_loss/qf1_loss         | 4.68     |
| rl_loss/qf2_loss         | 4.67     |
---------------------------------------
env steps 25994 
----2022-10-11 17:47:13.076792 EDT-----
| rl_loss/alpha            | 0.1      |
| rl_loss/pi_grad_norm     | 0        |
| rl_loss/pi_rnn_grad_norm | 0        |
| rl_loss/policy_entropy   | 0        |
| rl_loss/policy_loss      | -3.39    |
| rl_loss/q_grad_norm      | 4.71     |
| rl_loss/q_rnn_grad_norm  | 5.94     |
| rl_loss/qf1_loss         | 4.6      |
| rl_loss/qf2_loss         | 4.6      |
---------------------------------------
env steps 26219 
----2022-10-11 17:48:06.673698 EDT-----
| rl_loss/alpha            | 0.1      |
| rl_loss/pi_grad_norm     | 0        |
| rl_loss/pi_rnn_grad_norm | 0        |
| rl_loss/policy_entropy   | 0        |
| rl_loss/policy_loss      | -3.4     |
| rl_loss/q_grad_norm      | 3.55     |
| rl_loss/q_rnn_grad_norm  | 2.61     |
| rl_loss/qf1_loss         | 4.82     |
| rl_loss/qf2_loss         | 4.82     |
---------------------------------------
