Logging to /data/scratch/idanshen/pomdp-baselines/gridworld/MiniGrid/TigerDoorEnv/sacd_lstm/alpha-0.1/gamma-0.9/len--1/bs-32/freq-1000/oar/10-07:16-38:38.31 
preload cost 12.77s 
--cfg=/data/scratch/idanshen/pomdp-baselines/configs/gridworld/tiger_door/rnn.yml

--algo=sacd





--nooracle
--nodebug
 
pid 76165 improbablex001 
obs_dim 30 act_dim 4 
<class 'policies.models.policy_rnn.ModelFreeOffPolicy_Separate_RNN'> memory 
ModelFreeOffPolicy_Separate_RNN(
  (critic): Critic_RNN(
    (observ_embedder): FeatureExtractor(
      (fc): Linear(in_features=30, out_features=32, bias=True)
    )
    (action_embedder): FeatureExtractor(
      (fc): Linear(in_features=4, out_features=16, bias=True)
    )
    (reward_embedder): FeatureExtractor(
      (fc): Linear(in_features=1, out_features=16, bias=True)
    )
    (rnn): LSTM(64, 128)
    (current_shortcut_embedder): FeatureExtractor(
      (fc): Linear(in_features=30, out_features=64, bias=True)
    )
    (qf1): FlattenMlp(
      (fc0): Linear(in_features=192, out_features=128, bias=True)
      (fc1): Linear(in_features=128, out_features=128, bias=True)
      (last_fc): Linear(in_features=128, out_features=4, bias=True)
    )
    (qf2): FlattenMlp(
      (fc0): Linear(in_features=192, out_features=128, bias=True)
      (fc1): Linear(in_features=128, out_features=128, bias=True)
      (last_fc): Linear(in_features=128, out_features=4, bias=True)
    )
  )
  (critic_target): Critic_RNN(
    (observ_embedder): FeatureExtractor(
      (fc): Linear(in_features=30, out_features=32, bias=True)
    )
    (action_embedder): FeatureExtractor(
      (fc): Linear(in_features=4, out_features=16, bias=True)
    )
    (reward_embedder): FeatureExtractor(
      (fc): Linear(in_features=1, out_features=16, bias=True)
    )
    (rnn): LSTM(64, 128)
    (current_shortcut_embedder): FeatureExtractor(
      (fc): Linear(in_features=30, out_features=64, bias=True)
    )
    (qf1): FlattenMlp(
      (fc0): Linear(in_features=192, out_features=128, bias=True)
      (fc1): Linear(in_features=128, out_features=128, bias=True)
      (last_fc): Linear(in_features=128, out_features=4, bias=True)
    )
    (qf2): FlattenMlp(
      (fc0): Linear(in_features=192, out_features=128, bias=True)
      (fc1): Linear(in_features=128, out_features=128, bias=True)
      (last_fc): Linear(in_features=128, out_features=4, bias=True)
    )
  )
  (actor): Actor_RNN(
    (observ_embedder): FeatureExtractor(
      (fc): Linear(in_features=30, out_features=32, bias=True)
    )
    (action_embedder): FeatureExtractor(
      (fc): Linear(in_features=4, out_features=16, bias=True)
    )
    (reward_embedder): FeatureExtractor(
      (fc): Linear(in_features=1, out_features=16, bias=True)
    )
    (rnn): LSTM(64, 128)
    (current_observ_embedder): FeatureExtractor(
      (fc): Linear(in_features=30, out_features=32, bias=True)
    )
    (policy): CategoricalPolicy(
      (fc0): Linear(in_features=160, out_features=128, bias=True)
      (fc1): Linear(in_features=128, out_features=128, bias=True)
      (last_fc): Linear(in_features=128, out_features=4, bias=True)
    )
  )
  (actor_target): Actor_RNN(
    (observ_embedder): FeatureExtractor(
      (fc): Linear(in_features=30, out_features=32, bias=True)
    )
    (action_embedder): FeatureExtractor(
      (fc): Linear(in_features=4, out_features=16, bias=True)
    )
    (reward_embedder): FeatureExtractor(
      (fc): Linear(in_features=1, out_features=16, bias=True)
    )
    (rnn): LSTM(64, 128)
    (current_observ_embedder): FeatureExtractor(
      (fc): Linear(in_features=30, out_features=32, bias=True)
    )
    (policy): CategoricalPolicy(
      (fc0): Linear(in_features=160, out_features=128, bias=True)
      (fc1): Linear(in_features=128, out_features=128, bias=True)
      (last_fc): Linear(in_features=128, out_features=4, bias=True)
    )
  )
) 
<class 'buffers.seq_replay_buffer_vanilla.SeqReplayBuffer'> 
*** total rollouts 12530 total env steps 1253000 
total RAM usage: 4.39 GB
 
Collecting initial pool of data.. 
Done! env steps 3044 rollouts 45 
env steps 4893 
----2022-10-07 16:39:56.038665 EDT-----
| rl_loss/alpha            | 0.1      |
| rl_loss/pi_grad_norm     | 0.0825   |
| rl_loss/pi_rnn_grad_norm | 0.24     |
| rl_loss/policy_entropy   | 1.09     |
| rl_loss/policy_loss      | 3.34     |
| rl_loss/q_grad_norm      | 4.06     |
| rl_loss/q_rnn_grad_norm  | 13.6     |
| rl_loss/qf1_loss         | 14.1     |
| rl_loss/qf2_loss         | 14.1     |
---------------------------------------
env steps 6580 
----2022-10-07 16:40:49.763458 EDT-----
| rl_loss/alpha            | 0.1      |
| rl_loss/pi_grad_norm     | 0.0359   |
| rl_loss/pi_rnn_grad_norm | 0.0921   |
| rl_loss/policy_entropy   | 0.863    |
| rl_loss/policy_loss      | 7.42     |
| rl_loss/q_grad_norm      | 10.6     |
| rl_loss/q_rnn_grad_norm  | 29.5     |
| rl_loss/qf1_loss         | 2.66     |
| rl_loss/qf2_loss         | 2.68     |
---------------------------------------
env steps 7118 
----2022-10-07 16:41:41.843514 EDT-----
| rl_loss/alpha            | 0.1      |
| rl_loss/pi_grad_norm     | 0.0336   |
| rl_loss/pi_rnn_grad_norm | 0.0636   |
| rl_loss/policy_entropy   | 0.386    |
| rl_loss/policy_loss      | 8.63     |
| rl_loss/q_grad_norm      | 11.5     |
| rl_loss/q_rnn_grad_norm  | 33.3     |
| rl_loss/qf1_loss         | 7.26     |
| rl_loss/qf2_loss         | 7.59     |
---------------------------------------
env steps 7401 
----2022-10-07 16:42:33.441160 EDT-----
| rl_loss/alpha            | 0.1      |
| rl_loss/pi_grad_norm     | 0.0204   |
| rl_loss/pi_rnn_grad_norm | 0.0489   |
| rl_loss/policy_entropy   | 0.0413   |
| rl_loss/policy_loss      | 5.19     |
| rl_loss/q_grad_norm      | 14.8     |
| rl_loss/q_rnn_grad_norm  | 44.3     |
| rl_loss/qf1_loss         | 14.5     |
| rl_loss/qf2_loss         | 15       |
---------------------------------------
env steps 9901 
----2022-10-07 16:43:27.288056 EDT-----
| rl_loss/alpha            | 0.1      |
| rl_loss/pi_grad_norm     | 0.0071   |
| rl_loss/pi_rnn_grad_norm | 0.0193   |
| rl_loss/policy_entropy   | 0.0139   |
| rl_loss/policy_loss      | 1.36     |
| rl_loss/q_grad_norm      | 8.47     |
| rl_loss/q_rnn_grad_norm  | 25       |
| rl_loss/qf1_loss         | 9.72     |
| rl_loss/qf2_loss         | 9.87     |
---------------------------------------
env steps 12401 
----2022-10-07 16:44:21.640268 EDT-----
| rl_loss/alpha            | 0.1      |
| rl_loss/pi_grad_norm     | 0.0537   |
| rl_loss/pi_rnn_grad_norm | 0.155    |
| rl_loss/policy_entropy   | 0.0455   |
| rl_loss/policy_loss      | 3.31     |
| rl_loss/q_grad_norm      | 14.8     |
| rl_loss/q_rnn_grad_norm  | 43.6     |
| rl_loss/qf1_loss         | 7.36     |
| rl_loss/qf2_loss         | 7.44     |
---------------------------------------
env steps 12958 
----2022-10-07 16:45:13.763864 EDT-----
| rl_loss/alpha            | 0.1      |
| rl_loss/pi_grad_norm     | 0.0334   |
| rl_loss/pi_rnn_grad_norm | 0.0975   |
| rl_loss/policy_entropy   | 0.0153   |
| rl_loss/policy_loss      | 4.03     |
| rl_loss/q_grad_norm      | 26.8     |
| rl_loss/q_rnn_grad_norm  | 112      |
| rl_loss/qf1_loss         | 12.4     |
| rl_loss/qf2_loss         | 12.4     |
---------------------------------------
------2022-10-07 16:45:14.018585 EDT-------
| metrics/return_eval_avg      | 0.5      |
| metrics/total_steps_eval_avg | 9.75     |
| z/env_steps                  | 12958    |
| z/fps                        | 34.7     |
| z/rl_steps                   | 7000     |
| z/rollouts                   | 220      |
| z/time_cost                  | 373      |
-------------------------------------------
env steps 13217 
----2022-10-07 16:46:05.862892 EDT-----
| rl_loss/alpha            | 0.1      |
| rl_loss/pi_grad_norm     | 0.0141   |
| rl_loss/pi_rnn_grad_norm | 0.0271   |
| rl_loss/policy_entropy   | 0.0127   |
| rl_loss/policy_loss      | 3.81     |
| rl_loss/q_grad_norm      | 10.5     |
| rl_loss/q_rnn_grad_norm  | 31.7     |
| rl_loss/qf1_loss         | 9.8      |
| rl_loss/qf2_loss         | 9.84     |
---------------------------------------
env steps 13442 
----2022-10-07 16:46:57.564843 EDT-----
| rl_loss/alpha            | 0.1      |
| rl_loss/pi_grad_norm     | 0.0126   |
| rl_loss/pi_rnn_grad_norm | 0.0331   |
| rl_loss/policy_entropy   | 0.0083   |
| rl_loss/policy_loss      | 3.53     |
| rl_loss/q_grad_norm      | 16.7     |
| rl_loss/q_rnn_grad_norm  | 67       |
| rl_loss/qf1_loss         | 8.78     |
| rl_loss/qf2_loss         | 8.8      |
---------------------------------------
env steps 13667 
----2022-10-07 16:47:49.361623 EDT-----
| rl_loss/alpha            | 0.1      |
| rl_loss/pi_grad_norm     | 0.0019   |
| rl_loss/pi_rnn_grad_norm | 0.004    |
| rl_loss/policy_entropy   | 0.0124   |
| rl_loss/policy_loss      | 3.36     |
| rl_loss/q_grad_norm      | 18.5     |
| rl_loss/q_rnn_grad_norm  | 63.9     |
| rl_loss/qf1_loss         | 9.25     |
| rl_loss/qf2_loss         | 9.26     |
---------------------------------------
env steps 13892 
----2022-10-07 16:48:41.195713 EDT-----
| rl_loss/alpha            | 0.1      |
| rl_loss/pi_grad_norm     | 0.0164   |
| rl_loss/pi_rnn_grad_norm | 0.0386   |
| rl_loss/policy_entropy   | 0.0096   |
| rl_loss/policy_loss      | 3.41     |
| rl_loss/q_grad_norm      | 41       |
| rl_loss/q_rnn_grad_norm  | 139      |
| rl_loss/qf1_loss         | 8.38     |
| rl_loss/qf2_loss         | 8.39     |
---------------------------------------
env steps 14117 
----2022-10-07 16:49:33.014283 EDT-----
| rl_loss/alpha            | 0.1      |
| rl_loss/pi_grad_norm     | 0.0082   |
| rl_loss/pi_rnn_grad_norm | 0.0206   |
| rl_loss/policy_entropy   | 0.0048   |
| rl_loss/policy_loss      | 3.36     |
| rl_loss/q_grad_norm      | 28.3     |
| rl_loss/q_rnn_grad_norm  | 112      |
| rl_loss/qf1_loss         | 7.82     |
| rl_loss/qf2_loss         | 7.82     |
---------------------------------------
env steps 14342 
----2022-10-07 16:50:24.819915 EDT-----
| rl_loss/alpha            | 0.1      |
| rl_loss/pi_grad_norm     | 0.0017   |
| rl_loss/pi_rnn_grad_norm | 0.0045   |
| rl_loss/policy_entropy   | 0.0058   |
| rl_loss/policy_loss      | 3.38     |
| rl_loss/q_grad_norm      | 8.39     |
| rl_loss/q_rnn_grad_norm  | 20.5     |
| rl_loss/qf1_loss         | 8.27     |
| rl_loss/qf2_loss         | 8.27     |
---------------------------------------
env steps 14567 
----2022-10-07 16:51:16.527842 EDT-----
| rl_loss/alpha            | 0.1      |
| rl_loss/pi_grad_norm     | 0.0021   |
| rl_loss/pi_rnn_grad_norm | 0.0051   |
| rl_loss/policy_entropy   | 0.0033   |
| rl_loss/policy_loss      | 3.15     |
| rl_loss/q_grad_norm      | 3.27     |
| rl_loss/q_rnn_grad_norm  | 4.89     |
| rl_loss/qf1_loss         | 7.73     |
| rl_loss/qf2_loss         | 7.72     |
---------------------------------------
env steps 14792 
----2022-10-07 16:52:08.195676 EDT-----
| rl_loss/alpha            | 0.1      |
| rl_loss/pi_grad_norm     | 0.0084   |
| rl_loss/pi_rnn_grad_norm | 0.0132   |
| rl_loss/policy_entropy   | 0.0058   |
| rl_loss/policy_loss      | 3.11     |
| rl_loss/q_grad_norm      | 3.23     |
| rl_loss/q_rnn_grad_norm  | 3.98     |
| rl_loss/qf1_loss         | 7.35     |
| rl_loss/qf2_loss         | 7.35     |
---------------------------------------
env steps 15017 
----2022-10-07 16:52:59.920574 EDT-----
| rl_loss/alpha            | 0.1      |
| rl_loss/pi_grad_norm     | 0.0013   |
| rl_loss/pi_rnn_grad_norm | 0.0028   |
| rl_loss/policy_entropy   | 0.0039   |
| rl_loss/policy_loss      | 3.06     |
| rl_loss/q_grad_norm      | 6.82     |
| rl_loss/q_rnn_grad_norm  | 13       |
| rl_loss/qf1_loss         | 7.96     |
| rl_loss/qf2_loss         | 7.95     |
---------------------------------------
env steps 15242 
----2022-10-07 16:53:51.515530 EDT-----
| rl_loss/alpha            | 0.1      |
| rl_loss/pi_grad_norm     | 0.0004   |
| rl_loss/pi_rnn_grad_norm | 0.0008   |
| rl_loss/policy_entropy   | 0.0005   |
| rl_loss/policy_loss      | 3.07     |
| rl_loss/q_grad_norm      | 17.3     |
| rl_loss/q_rnn_grad_norm  | 54       |
| rl_loss/qf1_loss         | 7.59     |
| rl_loss/qf2_loss         | 7.59     |
---------------------------------------
env steps 15467 
----2022-10-07 16:54:42.984873 EDT-----
| rl_loss/alpha            | 0.1      |
| rl_loss/pi_grad_norm     | 0        |
| rl_loss/pi_rnn_grad_norm | 0        |
| rl_loss/policy_entropy   | 0.0023   |
| rl_loss/policy_loss      | 3.29     |
| rl_loss/q_grad_norm      | 4.93     |
| rl_loss/q_rnn_grad_norm  | 8.25     |
| rl_loss/qf1_loss         | 6.74     |
| rl_loss/qf2_loss         | 6.74     |
---------------------------------------
env steps 15692 
----2022-10-07 16:55:34.447633 EDT-----
| rl_loss/alpha            | 0.1      |
| rl_loss/pi_grad_norm     | 0.0123   |
| rl_loss/pi_rnn_grad_norm | 0.0259   |
| rl_loss/policy_entropy   | 0.0015   |
| rl_loss/policy_loss      | 3.14     |
| rl_loss/q_grad_norm      | 6.12     |
| rl_loss/q_rnn_grad_norm  | 10.5     |
| rl_loss/qf1_loss         | 7.06     |
| rl_loss/qf2_loss         | 7.05     |
---------------------------------------
env steps 15917 
----2022-10-07 16:56:26.168995 EDT-----
| rl_loss/alpha            | 0.1      |
| rl_loss/pi_grad_norm     | 0        |
| rl_loss/pi_rnn_grad_norm | 0        |
| rl_loss/policy_entropy   | 0.0006   |
| rl_loss/policy_loss      | 2.98     |
| rl_loss/q_grad_norm      | 4.97     |
| rl_loss/q_rnn_grad_norm  | 7.29     |
| rl_loss/qf1_loss         | 6.58     |
| rl_loss/qf2_loss         | 6.57     |
---------------------------------------
env steps 16142 
----2022-10-07 16:57:17.591903 EDT-----
| rl_loss/alpha            | 0.1      |
| rl_loss/pi_grad_norm     | 0        |
| rl_loss/pi_rnn_grad_norm | 0        |
| rl_loss/policy_entropy   | 0.0003   |
| rl_loss/policy_loss      | 2.59     |
| rl_loss/q_grad_norm      | 4.71     |
| rl_loss/q_rnn_grad_norm  | 7.28     |
| rl_loss/qf1_loss         | 7.56     |
| rl_loss/qf2_loss         | 7.55     |
---------------------------------------
env steps 16367 
----2022-10-07 16:58:09.184027 EDT-----
| rl_loss/alpha            | 0.1      |
| rl_loss/pi_grad_norm     | 0        |
| rl_loss/pi_rnn_grad_norm | 0        |
| rl_loss/policy_entropy   | 0        |
| rl_loss/policy_loss      | 1.22     |
| rl_loss/q_grad_norm      | 10.5     |
| rl_loss/q_rnn_grad_norm  | 20.2     |
| rl_loss/qf1_loss         | 6.64     |
| rl_loss/qf2_loss         | 6.64     |
---------------------------------------
env steps 16592 
----2022-10-07 16:59:00.841339 EDT-----
| rl_loss/alpha            | 0.1      |
| rl_loss/pi_grad_norm     | 0        |
| rl_loss/pi_rnn_grad_norm | 0        |
| rl_loss/policy_entropy   | 0        |
| rl_loss/policy_loss      | 0.91     |
| rl_loss/q_grad_norm      | 7.38     |
| rl_loss/q_rnn_grad_norm  | 12.2     |
| rl_loss/qf1_loss         | 6.98     |
| rl_loss/qf2_loss         | 6.97     |
---------------------------------------
env steps 16817 
----2022-10-07 16:59:52.263625 EDT-----
| rl_loss/alpha            | 0.1      |
| rl_loss/pi_grad_norm     | 0        |
| rl_loss/pi_rnn_grad_norm | 0        |
| rl_loss/policy_entropy   | 0        |
| rl_loss/policy_loss      | 0.758    |
| rl_loss/q_grad_norm      | 2.36     |
| rl_loss/q_rnn_grad_norm  | 2.28     |
| rl_loss/qf1_loss         | 6.29     |
| rl_loss/qf2_loss         | 6.29     |
---------------------------------------
env steps 17042 
----2022-10-07 17:00:43.946458 EDT-----
| rl_loss/alpha            | 0.1      |
| rl_loss/pi_grad_norm     | 0        |
| rl_loss/pi_rnn_grad_norm | 0        |
| rl_loss/policy_entropy   | 0        |
| rl_loss/policy_loss      | 0.734    |
| rl_loss/q_grad_norm      | 4.27     |
| rl_loss/q_rnn_grad_norm  | 4.93     |
| rl_loss/qf1_loss         | 6.65     |
| rl_loss/qf2_loss         | 6.64     |
---------------------------------------
env steps 17267 
----2022-10-07 17:01:35.723630 EDT-----
| rl_loss/alpha            | 0.1      |
| rl_loss/pi_grad_norm     | 0        |
| rl_loss/pi_rnn_grad_norm | 0        |
| rl_loss/policy_entropy   | 0        |
| rl_loss/policy_loss      | 0.426    |
| rl_loss/q_grad_norm      | 47.6     |
| rl_loss/q_rnn_grad_norm  | 106      |
| rl_loss/qf1_loss         | 8.13     |
| rl_loss/qf2_loss         | 8.12     |
---------------------------------------
env steps 17492 
----2022-10-07 17:02:27.372067 EDT-----
| rl_loss/alpha            | 0.1      |
| rl_loss/pi_grad_norm     | 0        |
| rl_loss/pi_rnn_grad_norm | 0        |
| rl_loss/policy_entropy   | 0        |
| rl_loss/policy_loss      | 0.165    |
| rl_loss/q_grad_norm      | 5.5      |
| rl_loss/q_rnn_grad_norm  | 8.06     |
| rl_loss/qf1_loss         | 6.3      |
| rl_loss/qf2_loss         | 6.3      |
---------------------------------------
env steps 17717 
----2022-10-07 17:03:19.039724 EDT-----
| rl_loss/alpha            | 0.1      |
| rl_loss/pi_grad_norm     | 0        |
| rl_loss/pi_rnn_grad_norm | 0        |
| rl_loss/policy_entropy   | 0        |
| rl_loss/policy_loss      | 0.164    |
| rl_loss/q_grad_norm      | 4.43     |
| rl_loss/q_rnn_grad_norm  | 5.29     |
| rl_loss/qf1_loss         | 6.24     |
| rl_loss/qf2_loss         | 6.24     |
---------------------------------------
env steps 17942 
----2022-10-07 17:04:10.787624 EDT-----
| rl_loss/alpha            | 0.1      |
| rl_loss/pi_grad_norm     | 0        |
| rl_loss/pi_rnn_grad_norm | 0        |
| rl_loss/policy_entropy   | 0        |
| rl_loss/policy_loss      | 0.086    |
| rl_loss/q_grad_norm      | 2.66     |
| rl_loss/q_rnn_grad_norm  | 3.37     |
| rl_loss/qf1_loss         | 6.31     |
| rl_loss/qf2_loss         | 6.31     |
---------------------------------------
env steps 18167 
----2022-10-07 17:05:02.240630 EDT-----
| rl_loss/alpha            | 0.1      |
| rl_loss/pi_grad_norm     | 0        |
| rl_loss/pi_rnn_grad_norm | 0        |
| rl_loss/policy_entropy   | 0        |
| rl_loss/policy_loss      | -0.0512  |
| rl_loss/q_grad_norm      | 6.95     |
| rl_loss/q_rnn_grad_norm  | 9.55     |
| rl_loss/qf1_loss         | 6.09     |
| rl_loss/qf2_loss         | 6.09     |
---------------------------------------
env steps 18392 
----2022-10-07 17:05:53.715668 EDT-----
| rl_loss/alpha            | 0.1      |
| rl_loss/pi_grad_norm     | 0        |
| rl_loss/pi_rnn_grad_norm | 0        |
| rl_loss/policy_entropy   | 0        |
| rl_loss/policy_loss      | -0.258   |
| rl_loss/q_grad_norm      | 4.17     |
| rl_loss/q_rnn_grad_norm  | 4.36     |
| rl_loss/qf1_loss         | 5.99     |
| rl_loss/qf2_loss         | 5.98     |
---------------------------------------
env steps 18617 
----2022-10-07 17:06:45.330417 EDT-----
| rl_loss/alpha            | 0.1      |
| rl_loss/pi_grad_norm     | 0        |
| rl_loss/pi_rnn_grad_norm | 0        |
| rl_loss/policy_entropy   | 0        |
| rl_loss/policy_loss      | -0.41    |
| rl_loss/q_grad_norm      | 5.56     |
| rl_loss/q_rnn_grad_norm  | 6.8      |
| rl_loss/qf1_loss         | 5.67     |
| rl_loss/qf2_loss         | 5.67     |
---------------------------------------
env steps 18842 
----2022-10-07 17:07:36.865921 EDT-----
| rl_loss/alpha            | 0.1      |
| rl_loss/pi_grad_norm     | 0        |
| rl_loss/pi_rnn_grad_norm | 0        |
| rl_loss/policy_entropy   | 0        |
| rl_loss/policy_loss      | -0.484   |
| rl_loss/q_grad_norm      | 4.23     |
| rl_loss/q_rnn_grad_norm  | 5.6      |
| rl_loss/qf1_loss         | 5.94     |
| rl_loss/qf2_loss         | 5.94     |
---------------------------------------
env steps 19067 
----2022-10-07 17:08:28.396477 EDT-----
| rl_loss/alpha            | 0.1      |
| rl_loss/pi_grad_norm     | 0        |
| rl_loss/pi_rnn_grad_norm | 0        |
| rl_loss/policy_entropy   | 0        |
| rl_loss/policy_loss      | -0.226   |
| rl_loss/q_grad_norm      | 3.55     |
| rl_loss/q_rnn_grad_norm  | 3.24     |
| rl_loss/qf1_loss         | 5.74     |
| rl_loss/qf2_loss         | 5.73     |
---------------------------------------
env steps 19292 
----2022-10-07 17:09:19.797639 EDT-----
| rl_loss/alpha            | 0.1      |
| rl_loss/pi_grad_norm     | 0        |
| rl_loss/pi_rnn_grad_norm | 0        |
| rl_loss/policy_entropy   | 0        |
| rl_loss/policy_loss      | -0.335   |
| rl_loss/q_grad_norm      | 3.85     |
| rl_loss/q_rnn_grad_norm  | 3.97     |
| rl_loss/qf1_loss         | 5.81     |
| rl_loss/qf2_loss         | 5.81     |
---------------------------------------
env steps 19517 
----2022-10-07 17:10:11.443949 EDT-----
| rl_loss/alpha            | 0.1      |
| rl_loss/pi_grad_norm     | 0        |
| rl_loss/pi_rnn_grad_norm | 0        |
| rl_loss/policy_entropy   | 0        |
| rl_loss/policy_loss      | -0.331   |
| rl_loss/q_grad_norm      | 2.64     |
| rl_loss/q_rnn_grad_norm  | 1.97     |
| rl_loss/qf1_loss         | 5.77     |
| rl_loss/qf2_loss         | 5.76     |
---------------------------------------
env steps 19742 
----2022-10-07 17:11:02.668293 EDT-----
| rl_loss/alpha            | 0.1      |
| rl_loss/pi_grad_norm     | 0        |
| rl_loss/pi_rnn_grad_norm | 0        |
| rl_loss/policy_entropy   | 0        |
| rl_loss/policy_loss      | -0.564   |
| rl_loss/q_grad_norm      | 3.57     |
| rl_loss/q_rnn_grad_norm  | 3.17     |
| rl_loss/qf1_loss         | 5.82     |
| rl_loss/qf2_loss         | 5.81     |
---------------------------------------
env steps 19967 
----2022-10-07 17:11:54.493439 EDT-----
| rl_loss/alpha            | 0.1      |
| rl_loss/pi_grad_norm     | 0        |
| rl_loss/pi_rnn_grad_norm | 0        |
| rl_loss/policy_entropy   | 0        |
| rl_loss/policy_loss      | -0.605   |
| rl_loss/q_grad_norm      | 2.55     |
| rl_loss/q_rnn_grad_norm  | 1.63     |
| rl_loss/qf1_loss         | 5.67     |
| rl_loss/qf2_loss         | 5.68     |
---------------------------------------
env steps 20192 
----2022-10-07 17:12:46.227779 EDT-----
| rl_loss/alpha            | 0.1      |
| rl_loss/pi_grad_norm     | 0        |
| rl_loss/pi_rnn_grad_norm | 0        |
| rl_loss/policy_entropy   | 0        |
| rl_loss/policy_loss      | -0.691   |
| rl_loss/q_grad_norm      | 6.64     |
| rl_loss/q_rnn_grad_norm  | 8.85     |
| rl_loss/qf1_loss         | 5.69     |
| rl_loss/qf2_loss         | 5.69     |
---------------------------------------
env steps 20417 
----2022-10-07 17:13:37.905636 EDT-----
| rl_loss/alpha            | 0.1      |
| rl_loss/pi_grad_norm     | 0        |
| rl_loss/pi_rnn_grad_norm | 0        |
| rl_loss/policy_entropy   | 0        |
| rl_loss/policy_loss      | -0.735   |
| rl_loss/q_grad_norm      | 4.46     |
| rl_loss/q_rnn_grad_norm  | 1.7      |
| rl_loss/qf1_loss         | 5.68     |
| rl_loss/qf2_loss         | 5.68     |
---------------------------------------
env steps 20642 
----2022-10-07 17:14:29.566980 EDT-----
| rl_loss/alpha            | 0.1      |
| rl_loss/pi_grad_norm     | 0        |
| rl_loss/pi_rnn_grad_norm | 0        |
| rl_loss/policy_entropy   | 0        |
| rl_loss/policy_loss      | -0.799   |
| rl_loss/q_grad_norm      | 8.61     |
| rl_loss/q_rnn_grad_norm  | 9.59     |
| rl_loss/qf1_loss         | 5.55     |
| rl_loss/qf2_loss         | 5.55     |
---------------------------------------
env steps 20867 
----2022-10-07 17:15:21.323293 EDT-----
| rl_loss/alpha            | 0.1      |
| rl_loss/pi_grad_norm     | 0        |
| rl_loss/pi_rnn_grad_norm | 0        |
| rl_loss/policy_entropy   | 0        |
| rl_loss/policy_loss      | -0.872   |
| rl_loss/q_grad_norm      | 2.43     |
| rl_loss/q_rnn_grad_norm  | 1.73     |
| rl_loss/qf1_loss         | 5.36     |
| rl_loss/qf2_loss         | 5.36     |
---------------------------------------
env steps 21092 
----2022-10-07 17:16:13.070672 EDT-----
| rl_loss/alpha            | 0.1      |
| rl_loss/pi_grad_norm     | 0        |
| rl_loss/pi_rnn_grad_norm | 0        |
| rl_loss/policy_entropy   | 0        |
| rl_loss/policy_loss      | -1.02    |
| rl_loss/q_grad_norm      | 2.16     |
| rl_loss/q_rnn_grad_norm  | 1.25     |
| rl_loss/qf1_loss         | 5.04     |
| rl_loss/qf2_loss         | 5.04     |
---------------------------------------
env steps 21317 
----2022-10-07 17:17:04.011866 EDT-----
| rl_loss/alpha            | 0.1      |
| rl_loss/pi_grad_norm     | 0        |
| rl_loss/pi_rnn_grad_norm | 0        |
| rl_loss/policy_entropy   | 0        |
| rl_loss/policy_loss      | -1.05    |
| rl_loss/q_grad_norm      | 2.74     |
| rl_loss/q_rnn_grad_norm  | 1.77     |
| rl_loss/qf1_loss         | 5.07     |
| rl_loss/qf2_loss         | 5.07     |
---------------------------------------
env steps 21542 
----2022-10-07 17:17:55.639003 EDT-----
| rl_loss/alpha            | 0.1      |
| rl_loss/pi_grad_norm     | 0        |
| rl_loss/pi_rnn_grad_norm | 0        |
| rl_loss/policy_entropy   | 0        |
| rl_loss/policy_loss      | -1.1     |
| rl_loss/q_grad_norm      | 3.68     |
| rl_loss/q_rnn_grad_norm  | 3.22     |
| rl_loss/qf1_loss         | 5.11     |
| rl_loss/qf2_loss         | 5.1      |
---------------------------------------
env steps 21767 
----2022-10-07 17:18:47.315643 EDT-----
| rl_loss/alpha            | 0.1      |
| rl_loss/pi_grad_norm     | 0        |
| rl_loss/pi_rnn_grad_norm | 0        |
| rl_loss/policy_entropy   | 0        |
| rl_loss/policy_loss      | -1.07    |
| rl_loss/q_grad_norm      | 2.06     |
| rl_loss/q_rnn_grad_norm  | 1.22     |
| rl_loss/qf1_loss         | 5.25     |
| rl_loss/qf2_loss         | 5.25     |
---------------------------------------
env steps 21992 
----2022-10-07 17:19:39.035443 EDT-----
| rl_loss/alpha            | 0.1      |
| rl_loss/pi_grad_norm     | 0        |
| rl_loss/pi_rnn_grad_norm | 0        |
| rl_loss/policy_entropy   | 0        |
| rl_loss/policy_loss      | -1.22    |
| rl_loss/q_grad_norm      | 20.4     |
| rl_loss/q_rnn_grad_norm  | 39.1     |
| rl_loss/qf1_loss         | 5.34     |
| rl_loss/qf2_loss         | 5.34     |
---------------------------------------
env steps 22217 
----2022-10-07 17:20:30.681768 EDT-----
| rl_loss/alpha            | 0.1      |
| rl_loss/pi_grad_norm     | 0        |
| rl_loss/pi_rnn_grad_norm | 0        |
| rl_loss/policy_entropy   | 0        |
| rl_loss/policy_loss      | -1.4     |
| rl_loss/q_grad_norm      | 3.95     |
| rl_loss/q_rnn_grad_norm  | 2.8      |
| rl_loss/qf1_loss         | 5.05     |
| rl_loss/qf2_loss         | 5.05     |
---------------------------------------
env steps 22442 
----2022-10-07 17:21:22.253400 EDT-----
| rl_loss/alpha            | 0.1      |
| rl_loss/pi_grad_norm     | 0        |
| rl_loss/pi_rnn_grad_norm | 0        |
| rl_loss/policy_entropy   | 0        |
| rl_loss/policy_loss      | -1.41    |
| rl_loss/q_grad_norm      | 2.04     |
| rl_loss/q_rnn_grad_norm  | 0.826    |
| rl_loss/qf1_loss         | 5.2      |
| rl_loss/qf2_loss         | 5.2      |
---------------------------------------
env steps 22667 
----2022-10-07 17:22:14.071227 EDT-----
| rl_loss/alpha            | 0.1      |
| rl_loss/pi_grad_norm     | 0        |
| rl_loss/pi_rnn_grad_norm | 0        |
| rl_loss/policy_entropy   | 0        |
| rl_loss/policy_loss      | -1.47    |
| rl_loss/q_grad_norm      | 2.65     |
| rl_loss/q_rnn_grad_norm  | 2.23     |
| rl_loss/qf1_loss         | 5.23     |
| rl_loss/qf2_loss         | 5.23     |
---------------------------------------
env steps 22892 
----2022-10-07 17:23:05.537203 EDT-----
| rl_loss/alpha            | 0.1      |
| rl_loss/pi_grad_norm     | 0        |
| rl_loss/pi_rnn_grad_norm | 0        |
| rl_loss/policy_entropy   | 0        |
| rl_loss/policy_loss      | -1.43    |
| rl_loss/q_grad_norm      | 3.75     |
| rl_loss/q_rnn_grad_norm  | 2.79     |
| rl_loss/qf1_loss         | 4.4      |
| rl_loss/qf2_loss         | 4.4      |
---------------------------------------
env steps 23117 
----2022-10-07 17:23:57.185958 EDT-----
| rl_loss/alpha            | 0.1      |
| rl_loss/pi_grad_norm     | 0        |
| rl_loss/pi_rnn_grad_norm | 0        |
| rl_loss/policy_entropy   | 0        |
| rl_loss/policy_loss      | -1.52    |
| rl_loss/q_grad_norm      | 43.3     |
| rl_loss/q_rnn_grad_norm  | 135      |
| rl_loss/qf1_loss         | 4.48     |
| rl_loss/qf2_loss         | 4.48     |
---------------------------------------
env steps 23342 
----2022-10-07 17:24:47.740454 EDT-----
| rl_loss/alpha            | 0.1      |
| rl_loss/pi_grad_norm     | 0        |
| rl_loss/pi_rnn_grad_norm | 0        |
| rl_loss/policy_entropy   | 0        |
| rl_loss/policy_loss      | -1.59    |
| rl_loss/q_grad_norm      | 2.98     |
| rl_loss/q_rnn_grad_norm  | 2.5      |
| rl_loss/qf1_loss         | 5.05     |
| rl_loss/qf2_loss         | 5.04     |
---------------------------------------
env steps 23567 
----2022-10-07 17:25:39.434228 EDT-----
| rl_loss/alpha            | 0.1      |
| rl_loss/pi_grad_norm     | 0        |
| rl_loss/pi_rnn_grad_norm | 0        |
| rl_loss/policy_entropy   | 0        |
| rl_loss/policy_loss      | -1.59    |
| rl_loss/q_grad_norm      | 4.65     |
| rl_loss/q_rnn_grad_norm  | 3.99     |
| rl_loss/qf1_loss         | 4.76     |
| rl_loss/qf2_loss         | 4.75     |
---------------------------------------
env steps 23792 
----2022-10-07 17:26:31.095644 EDT-----
| rl_loss/alpha            | 0.1      |
| rl_loss/pi_grad_norm     | 0        |
| rl_loss/pi_rnn_grad_norm | 0        |
| rl_loss/policy_entropy   | 0        |
| rl_loss/policy_loss      | -1.58    |
| rl_loss/q_grad_norm      | 3.15     |
| rl_loss/q_rnn_grad_norm  | 3.5      |
| rl_loss/qf1_loss         | 4.34     |
| rl_loss/qf2_loss         | 4.34     |
---------------------------------------
env steps 24017 
----2022-10-07 17:27:22.771715 EDT-----
| rl_loss/alpha            | 0.1      |
| rl_loss/pi_grad_norm     | 0        |
| rl_loss/pi_rnn_grad_norm | 0        |
| rl_loss/policy_entropy   | 0        |
| rl_loss/policy_loss      | -1.67    |
| rl_loss/q_grad_norm      | 3.67     |
| rl_loss/q_rnn_grad_norm  | 4.45     |
| rl_loss/qf1_loss         | 4.47     |
| rl_loss/qf2_loss         | 4.47     |
---------------------------------------
env steps 24242 
----2022-10-07 17:28:14.441374 EDT-----
| rl_loss/alpha            | 0.1      |
| rl_loss/pi_grad_norm     | 0        |
| rl_loss/pi_rnn_grad_norm | 0        |
| rl_loss/policy_entropy   | 0        |
| rl_loss/policy_loss      | -1.69    |
| rl_loss/q_grad_norm      | 2.45     |
| rl_loss/q_rnn_grad_norm  | 1.42     |
| rl_loss/qf1_loss         | 4.42     |
| rl_loss/qf2_loss         | 4.42     |
---------------------------------------
env steps 24467 
----2022-10-07 17:29:06.208836 EDT-----
| rl_loss/alpha            | 0.1      |
| rl_loss/pi_grad_norm     | 0        |
| rl_loss/pi_rnn_grad_norm | 0        |
| rl_loss/policy_entropy   | 0        |
| rl_loss/policy_loss      | -1.83    |
| rl_loss/q_grad_norm      | 3.69     |
| rl_loss/q_rnn_grad_norm  | 2.83     |
| rl_loss/qf1_loss         | 4.42     |
| rl_loss/qf2_loss         | 4.42     |
---------------------------------------
env steps 24692 
----2022-10-07 17:29:57.951908 EDT-----
| rl_loss/alpha            | 0.1      |
| rl_loss/pi_grad_norm     | 0        |
| rl_loss/pi_rnn_grad_norm | 0        |
| rl_loss/policy_entropy   | 0        |
| rl_loss/policy_loss      | -1.87    |
| rl_loss/q_grad_norm      | 2.35     |
| rl_loss/q_rnn_grad_norm  | 1.53     |
| rl_loss/qf1_loss         | 4.43     |
| rl_loss/qf2_loss         | 4.43     |
---------------------------------------
env steps 24917 
----2022-10-07 17:30:49.679998 EDT-----
| rl_loss/alpha            | 0.1      |
| rl_loss/pi_grad_norm     | 0        |
| rl_loss/pi_rnn_grad_norm | 0        |
| rl_loss/policy_entropy   | 0.0001   |
| rl_loss/policy_loss      | -2.09    |
| rl_loss/q_grad_norm      | 2.39     |
| rl_loss/q_rnn_grad_norm  | 1.37     |
| rl_loss/qf1_loss         | 4.05     |
| rl_loss/qf2_loss         | 4.05     |
---------------------------------------
env steps 25142 
----2022-10-07 17:31:41.411723 EDT-----
| rl_loss/alpha            | 0.1      |
| rl_loss/pi_grad_norm     | 0        |
| rl_loss/pi_rnn_grad_norm | 0        |
| rl_loss/policy_entropy   | 0        |
| rl_loss/policy_loss      | -1.96    |
| rl_loss/q_grad_norm      | 5.71     |
| rl_loss/q_rnn_grad_norm  | 4.65     |
| rl_loss/qf1_loss         | 4.36     |
| rl_loss/qf2_loss         | 4.36     |
---------------------------------------
------2022-10-07 17:31:41.648588 EDT-------
| metrics/return_eval_avg      | 2        |
| metrics/total_steps_eval_avg | 9        |
| z/env_steps                  | 25142    |
| z/fps                        | 4.37     |
| z/rl_steps                   | 61000    |
| z/rollouts                   | 1570     |
| z/time_cost                  | 3160     |
-------------------------------------------
env steps 25367 
----2022-10-07 17:32:33.216388 EDT-----
| rl_loss/alpha            | 0.1      |
| rl_loss/pi_grad_norm     | 0        |
| rl_loss/pi_rnn_grad_norm | 0        |
| rl_loss/policy_entropy   | 0        |
| rl_loss/policy_loss      | -2.02    |
| rl_loss/q_grad_norm      | 2.36     |
| rl_loss/q_rnn_grad_norm  | 0.977    |
| rl_loss/qf1_loss         | 4.47     |
| rl_loss/qf2_loss         | 4.47     |
---------------------------------------
env steps 25592 
----2022-10-07 17:33:24.943720 EDT-----
| rl_loss/alpha            | 0.1      |
| rl_loss/pi_grad_norm     | 0        |
| rl_loss/pi_rnn_grad_norm | 0        |
| rl_loss/policy_entropy   | 0        |
| rl_loss/policy_loss      | -2.04    |
| rl_loss/q_grad_norm      | 13.2     |
| rl_loss/q_rnn_grad_norm  | 18.6     |
| rl_loss/qf1_loss         | 4.52     |
| rl_loss/qf2_loss         | 4.52     |
---------------------------------------
env steps 25817 
----2022-10-07 17:34:16.623615 EDT-----
| rl_loss/alpha            | 0.1      |
| rl_loss/pi_grad_norm     | 0        |
| rl_loss/pi_rnn_grad_norm | 0        |
| rl_loss/policy_entropy   | 0        |
| rl_loss/policy_loss      | -2.1     |
| rl_loss/q_grad_norm      | 2.36     |
| rl_loss/q_rnn_grad_norm  | 0.99     |
| rl_loss/qf1_loss         | 4.17     |
| rl_loss/qf2_loss         | 4.17     |
---------------------------------------
env steps 26042 
----2022-10-07 17:35:08.310859 EDT-----
| rl_loss/alpha            | 0.1      |
| rl_loss/pi_grad_norm     | 0        |
| rl_loss/pi_rnn_grad_norm | 0        |
| rl_loss/policy_entropy   | 0        |
| rl_loss/policy_loss      | -2.18    |
| rl_loss/q_grad_norm      | 2.18     |
| rl_loss/q_rnn_grad_norm  | 1.3      |
| rl_loss/qf1_loss         | 3.95     |
| rl_loss/qf2_loss         | 3.95     |
---------------------------------------
env steps 26267 
----2022-10-07 17:36:00.008948 EDT-----
| rl_loss/alpha            | 0.1      |
| rl_loss/pi_grad_norm     | 0        |
| rl_loss/pi_rnn_grad_norm | 0        |
| rl_loss/policy_entropy   | 0        |
| rl_loss/policy_loss      | -2.22    |
| rl_loss/q_grad_norm      | 2.14     |
| rl_loss/q_rnn_grad_norm  | 0.777    |
| rl_loss/qf1_loss         | 4.43     |
| rl_loss/qf2_loss         | 4.42     |
---------------------------------------
env steps 26492 
----2022-10-07 17:36:51.751578 EDT-----
| rl_loss/alpha            | 0.1      |
| rl_loss/pi_grad_norm     | 0        |
| rl_loss/pi_rnn_grad_norm | 0        |
| rl_loss/policy_entropy   | 0        |
| rl_loss/policy_loss      | -2.29    |
| rl_loss/q_grad_norm      | 2.65     |
| rl_loss/q_rnn_grad_norm  | 0.763    |
| rl_loss/qf1_loss         | 4.24     |
| rl_loss/qf2_loss         | 4.24     |
---------------------------------------
env steps 26717 
----2022-10-07 17:37:43.376395 EDT-----
| rl_loss/alpha            | 0.1      |
| rl_loss/pi_grad_norm     | 0        |
| rl_loss/pi_rnn_grad_norm | 0        |
| rl_loss/policy_entropy   | 0        |
| rl_loss/policy_loss      | -2.32    |
| rl_loss/q_grad_norm      | 1.98     |
| rl_loss/q_rnn_grad_norm  | 0.942    |
| rl_loss/qf1_loss         | 4.35     |
| rl_loss/qf2_loss         | 4.35     |
---------------------------------------
env steps 26942 
----2022-10-07 17:38:34.880480 EDT-----
| rl_loss/alpha            | 0.1      |
| rl_loss/pi_grad_norm     | 0        |
| rl_loss/pi_rnn_grad_norm | 0        |
| rl_loss/policy_entropy   | 0        |
| rl_loss/policy_loss      | -2.3     |
| rl_loss/q_grad_norm      | 3.08     |
| rl_loss/q_rnn_grad_norm  | 1.52     |
| rl_loss/qf1_loss         | 4.03     |
| rl_loss/qf2_loss         | 4.03     |
---------------------------------------
env steps 27167 
----2022-10-07 17:39:26.483384 EDT-----
| rl_loss/alpha            | 0.1      |
| rl_loss/pi_grad_norm     | 0        |
| rl_loss/pi_rnn_grad_norm | 0        |
| rl_loss/policy_entropy   | 0        |
| rl_loss/policy_loss      | -2.27    |
| rl_loss/q_grad_norm      | 2.26     |
| rl_loss/q_rnn_grad_norm  | 1.58     |
| rl_loss/qf1_loss         | 3.83     |
| rl_loss/qf2_loss         | 3.82     |
---------------------------------------
env steps 27392 
----2022-10-07 17:40:18.184499 EDT-----
| rl_loss/alpha            | 0.1      |
| rl_loss/pi_grad_norm     | 0        |
| rl_loss/pi_rnn_grad_norm | 0        |
| rl_loss/policy_entropy   | 0        |
| rl_loss/policy_loss      | -2.42    |
| rl_loss/q_grad_norm      | 2.01     |
| rl_loss/q_rnn_grad_norm  | 0.959    |
| rl_loss/qf1_loss         | 3.95     |
| rl_loss/qf2_loss         | 3.95     |
---------------------------------------
env steps 27617 
----2022-10-07 17:41:09.711812 EDT-----
| rl_loss/alpha            | 0.1      |
| rl_loss/pi_grad_norm     | 0        |
| rl_loss/pi_rnn_grad_norm | 0        |
| rl_loss/policy_entropy   | 0        |
| rl_loss/policy_loss      | -2.41    |
| rl_loss/q_grad_norm      | 3.99     |
| rl_loss/q_rnn_grad_norm  | 2.68     |
| rl_loss/qf1_loss         | 3.96     |
| rl_loss/qf2_loss         | 3.96     |
---------------------------------------
env steps 27842 
----2022-10-07 17:42:01.487724 EDT-----
| rl_loss/alpha            | 0.1      |
| rl_loss/pi_grad_norm     | 0        |
| rl_loss/pi_rnn_grad_norm | 0        |
| rl_loss/policy_entropy   | 0        |
| rl_loss/policy_loss      | -2.51    |
| rl_loss/q_grad_norm      | 2.63     |
| rl_loss/q_rnn_grad_norm  | 1.21     |
| rl_loss/qf1_loss         | 4.05     |
| rl_loss/qf2_loss         | 4.05     |
---------------------------------------
env steps 28067 
----2022-10-07 17:42:53.084164 EDT-----
| rl_loss/alpha            | 0.1      |
| rl_loss/pi_grad_norm     | 0        |
| rl_loss/pi_rnn_grad_norm | 0        |
| rl_loss/policy_entropy   | 0        |
| rl_loss/policy_loss      | -2.44    |
| rl_loss/q_grad_norm      | 2.06     |
| rl_loss/q_rnn_grad_norm  | 0.711    |
| rl_loss/qf1_loss         | 3.59     |
| rl_loss/qf2_loss         | 3.59     |
---------------------------------------
env steps 28292 
----2022-10-07 17:43:44.699495 EDT-----
| rl_loss/alpha            | 0.1      |
| rl_loss/pi_grad_norm     | 0        |
| rl_loss/pi_rnn_grad_norm | 0        |
| rl_loss/policy_entropy   | 0        |
| rl_loss/policy_loss      | -2.48    |
| rl_loss/q_grad_norm      | 1.88     |
| rl_loss/q_rnn_grad_norm  | 0.56     |
| rl_loss/qf1_loss         | 3.99     |
| rl_loss/qf2_loss         | 3.99     |
---------------------------------------
env steps 28517 
----2022-10-07 17:44:36.376977 EDT-----
| rl_loss/alpha            | 0.1      |
| rl_loss/pi_grad_norm     | 0        |
| rl_loss/pi_rnn_grad_norm | 0        |
| rl_loss/policy_entropy   | 0        |
| rl_loss/policy_loss      | -2.39    |
| rl_loss/q_grad_norm      | 2.11     |
| rl_loss/q_rnn_grad_norm  | 0.559    |
| rl_loss/qf1_loss         | 3.79     |
| rl_loss/qf2_loss         | 3.79     |
---------------------------------------
env steps 28742 
----2022-10-07 17:45:28.017751 EDT-----
| rl_loss/alpha            | 0.1      |
| rl_loss/pi_grad_norm     | 0        |
| rl_loss/pi_rnn_grad_norm | 0        |
| rl_loss/policy_entropy   | 0        |
| rl_loss/policy_loss      | -2.6     |
| rl_loss/q_grad_norm      | 3.19     |
| rl_loss/q_rnn_grad_norm  | 1.61     |
| rl_loss/qf1_loss         | 3.74     |
| rl_loss/qf2_loss         | 3.74     |
---------------------------------------
env steps 28967 
----2022-10-07 17:46:19.594399 EDT-----
| rl_loss/alpha            | 0.1      |
| rl_loss/pi_grad_norm     | 0        |
| rl_loss/pi_rnn_grad_norm | 0        |
| rl_loss/policy_entropy   | 0        |
| rl_loss/policy_loss      | -2.59    |
| rl_loss/q_grad_norm      | 3.94     |
| rl_loss/q_rnn_grad_norm  | 1.9      |
| rl_loss/qf1_loss         | 3.69     |
| rl_loss/qf2_loss         | 3.69     |
---------------------------------------
env steps 29192 
----2022-10-07 17:47:11.275742 EDT-----
| rl_loss/alpha            | 0.1      |
| rl_loss/pi_grad_norm     | 0        |
| rl_loss/pi_rnn_grad_norm | 0        |
| rl_loss/policy_entropy   | 0        |
| rl_loss/policy_loss      | -2.7     |
| rl_loss/q_grad_norm      | 2.12     |
| rl_loss/q_rnn_grad_norm  | 0.999    |
| rl_loss/qf1_loss         | 3.86     |
| rl_loss/qf2_loss         | 3.86     |
---------------------------------------
env steps 29417 
----2022-10-07 17:48:02.877361 EDT-----
| rl_loss/alpha            | 0.1      |
| rl_loss/pi_grad_norm     | 0        |
| rl_loss/pi_rnn_grad_norm | 0        |
| rl_loss/policy_entropy   | 0        |
| rl_loss/policy_loss      | -2.7     |
| rl_loss/q_grad_norm      | 3.56     |
| rl_loss/q_rnn_grad_norm  | 1.65     |
| rl_loss/qf1_loss         | 4.11     |
| rl_loss/qf2_loss         | 4.11     |
---------------------------------------
env steps 29642 
----2022-10-07 17:48:54.436348 EDT-----
| rl_loss/alpha            | 0.1      |
| rl_loss/pi_grad_norm     | 0        |
| rl_loss/pi_rnn_grad_norm | 0        |
| rl_loss/policy_entropy   | 0        |
| rl_loss/policy_loss      | -2.56    |
| rl_loss/q_grad_norm      | 2.13     |
| rl_loss/q_rnn_grad_norm  | 0.551    |
| rl_loss/qf1_loss         | 3.7      |
| rl_loss/qf2_loss         | 3.7      |
---------------------------------------
env steps 29867 
----2022-10-07 17:49:45.900920 EDT-----
| rl_loss/alpha            | 0.1      |
| rl_loss/pi_grad_norm     | 0        |
| rl_loss/pi_rnn_grad_norm | 0        |
| rl_loss/policy_entropy   | 0        |
| rl_loss/policy_loss      | -2.5     |
| rl_loss/q_grad_norm      | 3.47     |
| rl_loss/q_rnn_grad_norm  | 1.45     |
| rl_loss/qf1_loss         | 3.72     |
| rl_loss/qf2_loss         | 3.71     |
---------------------------------------
env steps 30092 
----2022-10-07 17:50:37.328078 EDT-----
| rl_loss/alpha            | 0.1      |
| rl_loss/pi_grad_norm     | 0        |
| rl_loss/pi_rnn_grad_norm | 0        |
| rl_loss/policy_entropy   | 0        |
| rl_loss/policy_loss      | -2.61    |
| rl_loss/q_grad_norm      | 2.12     |
| rl_loss/q_rnn_grad_norm  | 1.24     |
| rl_loss/qf1_loss         | 3.37     |
| rl_loss/qf2_loss         | 3.37     |
---------------------------------------
env steps 30317 
----2022-10-07 17:51:28.941973 EDT-----
| rl_loss/alpha            | 0.1      |
| rl_loss/pi_grad_norm     | 0        |
| rl_loss/pi_rnn_grad_norm | 0        |
| rl_loss/policy_entropy   | 0        |
| rl_loss/policy_loss      | -2.67    |
| rl_loss/q_grad_norm      | 2.87     |
| rl_loss/q_rnn_grad_norm  | 1.46     |
| rl_loss/qf1_loss         | 3.49     |
| rl_loss/qf2_loss         | 3.48     |
---------------------------------------
env steps 30542 
----2022-10-07 17:52:20.368126 EDT-----
| rl_loss/alpha            | 0.1      |
| rl_loss/pi_grad_norm     | 0        |
| rl_loss/pi_rnn_grad_norm | 0        |
| rl_loss/policy_entropy   | 0        |
| rl_loss/policy_loss      | -2.7     |
| rl_loss/q_grad_norm      | 2.09     |
| rl_loss/q_rnn_grad_norm  | 1.03     |
| rl_loss/qf1_loss         | 3.4      |
| rl_loss/qf2_loss         | 3.4      |
---------------------------------------
env steps 30767 
----2022-10-07 17:53:11.847849 EDT-----
| rl_loss/alpha            | 0.1      |
| rl_loss/pi_grad_norm     | 0        |
| rl_loss/pi_rnn_grad_norm | 0        |
| rl_loss/policy_entropy   | 0        |
| rl_loss/policy_loss      | -2.87    |
| rl_loss/q_grad_norm      | 1.87     |
| rl_loss/q_rnn_grad_norm  | 0.458    |
| rl_loss/qf1_loss         | 3.67     |
| rl_loss/qf2_loss         | 3.66     |
---------------------------------------
env steps 30992 
----2022-10-07 17:54:03.067660 EDT-----
| rl_loss/alpha            | 0.1      |
| rl_loss/pi_grad_norm     | 0        |
| rl_loss/pi_rnn_grad_norm | 0        |
| rl_loss/policy_entropy   | 0        |
| rl_loss/policy_loss      | -2.78    |
| rl_loss/q_grad_norm      | 1.94     |
| rl_loss/q_rnn_grad_norm  | 0.563    |
| rl_loss/qf1_loss         | 3.89     |
| rl_loss/qf2_loss         | 3.89     |
---------------------------------------
env steps 31217 
----2022-10-07 17:54:54.606618 EDT-----
| rl_loss/alpha            | 0.1      |
| rl_loss/pi_grad_norm     | 0        |
| rl_loss/pi_rnn_grad_norm | 0        |
| rl_loss/policy_entropy   | 0        |
| rl_loss/policy_loss      | -2.85    |
| rl_loss/q_grad_norm      | 2.36     |
| rl_loss/q_rnn_grad_norm  | 1.51     |
| rl_loss/qf1_loss         | 3.72     |
| rl_loss/qf2_loss         | 3.72     |
---------------------------------------
env steps 31442 
----2022-10-07 17:55:45.095788 EDT-----
| rl_loss/alpha            | 0.1      |
| rl_loss/pi_grad_norm     | 0        |
| rl_loss/pi_rnn_grad_norm | 0        |
| rl_loss/policy_entropy   | 0        |
| rl_loss/policy_loss      | -2.75    |
| rl_loss/q_grad_norm      | 1.92     |
| rl_loss/q_rnn_grad_norm  | 0.551    |
| rl_loss/qf1_loss         | 3.42     |
| rl_loss/qf2_loss         | 3.42     |
---------------------------------------
env steps 31667 
----2022-10-07 17:56:36.771837 EDT-----
| rl_loss/alpha            | 0.1      |
| rl_loss/pi_grad_norm     | 0        |
| rl_loss/pi_rnn_grad_norm | 0        |
| rl_loss/policy_entropy   | 0        |
| rl_loss/policy_loss      | -2.9     |
| rl_loss/q_grad_norm      | 3.78     |
| rl_loss/q_rnn_grad_norm  | 2.45     |
| rl_loss/qf1_loss         | 3.44     |
| rl_loss/qf2_loss         | 3.43     |
---------------------------------------
env steps 31892 
----2022-10-07 17:57:28.486821 EDT-----
| rl_loss/alpha            | 0.1      |
| rl_loss/pi_grad_norm     | 0        |
| rl_loss/pi_rnn_grad_norm | 0        |
| rl_loss/policy_entropy   | 0        |
| rl_loss/policy_loss      | -2.8     |
| rl_loss/q_grad_norm      | 2.35     |
| rl_loss/q_rnn_grad_norm  | 0.898    |
| rl_loss/qf1_loss         | 3.38     |
| rl_loss/qf2_loss         | 3.38     |
---------------------------------------
env steps 32117 
----2022-10-07 17:58:20.235337 EDT-----
| rl_loss/alpha            | 0.1      |
| rl_loss/pi_grad_norm     | 0        |
| rl_loss/pi_rnn_grad_norm | 0        |
| rl_loss/policy_entropy   | 0        |
| rl_loss/policy_loss      | -2.92    |
| rl_loss/q_grad_norm      | 2.13     |
| rl_loss/q_rnn_grad_norm  | 0.978    |
| rl_loss/qf1_loss         | 3.95     |
| rl_loss/qf2_loss         | 3.94     |
---------------------------------------
env steps 32342 
----2022-10-07 17:59:11.915617 EDT-----
| rl_loss/alpha            | 0.1      |
| rl_loss/pi_grad_norm     | 0        |
| rl_loss/pi_rnn_grad_norm | 0        |
| rl_loss/policy_entropy   | 0        |
| rl_loss/policy_loss      | -2.92    |
| rl_loss/q_grad_norm      | 3.97     |
| rl_loss/q_rnn_grad_norm  | 2.9      |
| rl_loss/qf1_loss         | 3.37     |
| rl_loss/qf2_loss         | 3.37     |
---------------------------------------
env steps 32567 
----2022-10-07 18:00:03.547393 EDT-----
| rl_loss/alpha            | 0.1      |
| rl_loss/pi_grad_norm     | 0        |
| rl_loss/pi_rnn_grad_norm | 0        |
| rl_loss/policy_entropy   | 0        |
| rl_loss/policy_loss      | -3.04    |
| rl_loss/q_grad_norm      | 1.8      |
| rl_loss/q_rnn_grad_norm  | 0.507    |
| rl_loss/qf1_loss         | 3.34     |
| rl_loss/qf2_loss         | 3.33     |
---------------------------------------
env steps 32792 
----2022-10-07 18:00:55.219708 EDT-----
| rl_loss/alpha            | 0.1      |
| rl_loss/pi_grad_norm     | 0        |
| rl_loss/pi_rnn_grad_norm | 0        |
| rl_loss/policy_entropy   | 0        |
| rl_loss/policy_loss      | -2.84    |
| rl_loss/q_grad_norm      | 3.93     |
| rl_loss/q_rnn_grad_norm  | 1.92     |
| rl_loss/qf1_loss         | 3.49     |
| rl_loss/qf2_loss         | 3.49     |
---------------------------------------
env steps 33017 
----2022-10-07 18:01:47.023008 EDT-----
| rl_loss/alpha            | 0.1      |
| rl_loss/pi_grad_norm     | 0        |
| rl_loss/pi_rnn_grad_norm | 0        |
| rl_loss/policy_entropy   | 0        |
| rl_loss/policy_loss      | -2.98    |
| rl_loss/q_grad_norm      | 2.11     |
| rl_loss/q_rnn_grad_norm  | 0.694    |
| rl_loss/qf1_loss         | 3.38     |
| rl_loss/qf2_loss         | 3.38     |
---------------------------------------
env steps 33242 
----2022-10-07 18:02:38.804145 EDT-----
| rl_loss/alpha            | 0.1      |
| rl_loss/pi_grad_norm     | 0        |
| rl_loss/pi_rnn_grad_norm | 0        |
| rl_loss/policy_entropy   | 0        |
| rl_loss/policy_loss      | -3       |
| rl_loss/q_grad_norm      | 2.27     |
| rl_loss/q_rnn_grad_norm  | 1.05     |
| rl_loss/qf1_loss         | 3.41     |
| rl_loss/qf2_loss         | 3.4      |
---------------------------------------
env steps 33467 
----2022-10-07 18:03:30.475994 EDT-----
| rl_loss/alpha            | 0.1      |
| rl_loss/pi_grad_norm     | 0        |
| rl_loss/pi_rnn_grad_norm | 0        |
| rl_loss/policy_entropy   | 0        |
| rl_loss/policy_loss      | -3.02    |
| rl_loss/q_grad_norm      | 1.73     |
| rl_loss/q_rnn_grad_norm  | 0.448    |
| rl_loss/qf1_loss         | 2.91     |
| rl_loss/qf2_loss         | 2.91     |
---------------------------------------
env steps 33692 
----2022-10-07 18:04:22.257772 EDT-----
| rl_loss/alpha            | 0.1      |
| rl_loss/pi_grad_norm     | 0        |
| rl_loss/pi_rnn_grad_norm | 0        |
| rl_loss/policy_entropy   | 0        |
| rl_loss/policy_loss      | -2.95    |
| rl_loss/q_grad_norm      | 2.89     |
| rl_loss/q_rnn_grad_norm  | 1.11     |
| rl_loss/qf1_loss         | 3.63     |
| rl_loss/qf2_loss         | 3.63     |
---------------------------------------
env steps 33917 
----2022-10-07 18:05:13.974455 EDT-----
| rl_loss/alpha            | 0.1      |
| rl_loss/pi_grad_norm     | 0        |
| rl_loss/pi_rnn_grad_norm | 0        |
| rl_loss/policy_entropy   | 0        |
| rl_loss/policy_loss      | -3.08    |
| rl_loss/q_grad_norm      | 1.85     |
| rl_loss/q_rnn_grad_norm  | 0.559    |
| rl_loss/qf1_loss         | 3.45     |
| rl_loss/qf2_loss         | 3.45     |
---------------------------------------
env steps 34142 
----2022-10-07 18:06:05.675306 EDT-----
| rl_loss/alpha            | 0.1      |
| rl_loss/pi_grad_norm     | 0        |
| rl_loss/pi_rnn_grad_norm | 0        |
| rl_loss/policy_entropy   | 0        |
| rl_loss/policy_loss      | -3.03    |
| rl_loss/q_grad_norm      | 3.04     |
| rl_loss/q_rnn_grad_norm  | 3.7      |
| rl_loss/qf1_loss         | 3.13     |
| rl_loss/qf2_loss         | 3.13     |
---------------------------------------
env steps 34367 
----2022-10-07 18:06:57.371534 EDT-----
| rl_loss/alpha            | 0.1      |
| rl_loss/pi_grad_norm     | 0        |
| rl_loss/pi_rnn_grad_norm | 0        |
| rl_loss/policy_entropy   | 0        |
| rl_loss/policy_loss      | -3.07    |
| rl_loss/q_grad_norm      | 1.89     |
| rl_loss/q_rnn_grad_norm  | 0.717    |
| rl_loss/qf1_loss         | 3.34     |
| rl_loss/qf2_loss         | 3.34     |
---------------------------------------
env steps 34592 
----2022-10-07 18:07:49.100426 EDT-----
| rl_loss/alpha            | 0.1      |
| rl_loss/pi_grad_norm     | 0        |
| rl_loss/pi_rnn_grad_norm | 0        |
| rl_loss/policy_entropy   | 0        |
| rl_loss/policy_loss      | -3.15    |
| rl_loss/q_grad_norm      | 2.02     |
| rl_loss/q_rnn_grad_norm  | 0.902    |
| rl_loss/qf1_loss         | 3.37     |
| rl_loss/qf2_loss         | 3.36     |
---------------------------------------
env steps 34817 
----2022-10-07 18:08:40.797121 EDT-----
| rl_loss/alpha            | 0.1      |
| rl_loss/pi_grad_norm     | 0        |
| rl_loss/pi_rnn_grad_norm | 0        |
| rl_loss/policy_entropy   | 0        |
| rl_loss/policy_loss      | -3.06    |
| rl_loss/q_grad_norm      | 1.86     |
| rl_loss/q_rnn_grad_norm  | 0.933    |
| rl_loss/qf1_loss         | 3.08     |
| rl_loss/qf2_loss         | 3.07     |
---------------------------------------
env steps 35042 
----2022-10-07 18:09:32.519522 EDT-----
| rl_loss/alpha            | 0.1      |
| rl_loss/pi_grad_norm     | 0        |
| rl_loss/pi_rnn_grad_norm | 0        |
| rl_loss/policy_entropy   | 0        |
| rl_loss/policy_loss      | -3.17    |
| rl_loss/q_grad_norm      | 12.5     |
| rl_loss/q_rnn_grad_norm  | 16.1     |
| rl_loss/qf1_loss         | 3.3      |
| rl_loss/qf2_loss         | 3.29     |
---------------------------------------
env steps 35267 
----2022-10-07 18:10:24.031101 EDT-----
| rl_loss/alpha            | 0.1      |
| rl_loss/pi_grad_norm     | 0        |
| rl_loss/pi_rnn_grad_norm | 0        |
| rl_loss/policy_entropy   | 0        |
| rl_loss/policy_loss      | -3.2     |
| rl_loss/q_grad_norm      | 1.83     |
| rl_loss/q_rnn_grad_norm  | 0.413    |
| rl_loss/qf1_loss         | 2.99     |
| rl_loss/qf2_loss         | 2.99     |
---------------------------------------
env steps 35492 
----2022-10-07 18:11:15.564374 EDT-----
| rl_loss/alpha            | 0.1      |
| rl_loss/pi_grad_norm     | 0        |
| rl_loss/pi_rnn_grad_norm | 0        |
| rl_loss/policy_entropy   | 0        |
| rl_loss/policy_loss      | -3.16    |
| rl_loss/q_grad_norm      | 1.96     |
| rl_loss/q_rnn_grad_norm  | 0.733    |
| rl_loss/qf1_loss         | 3.09     |
| rl_loss/qf2_loss         | 3.09     |
---------------------------------------
env steps 35717 
----2022-10-07 18:12:07.129424 EDT-----
| rl_loss/alpha            | 0.1      |
| rl_loss/pi_grad_norm     | 0        |
| rl_loss/pi_rnn_grad_norm | 0        |
| rl_loss/policy_entropy   | 0        |
| rl_loss/policy_loss      | -3.39    |
| rl_loss/q_grad_norm      | 2.01     |
| rl_loss/q_rnn_grad_norm  | 0.771    |
| rl_loss/qf1_loss         | 3.09     |
| rl_loss/qf2_loss         | 3.09     |
---------------------------------------
env steps 35942 
----2022-10-07 18:12:58.703728 EDT-----
| rl_loss/alpha            | 0.1      |
| rl_loss/pi_grad_norm     | 0        |
| rl_loss/pi_rnn_grad_norm | 0        |
| rl_loss/policy_entropy   | 0        |
| rl_loss/policy_loss      | -3.37    |
| rl_loss/q_grad_norm      | 2.26     |
| rl_loss/q_rnn_grad_norm  | 0.9      |
| rl_loss/qf1_loss         | 3.07     |
| rl_loss/qf2_loss         | 3.07     |
---------------------------------------
env steps 36167 
----2022-10-07 18:13:50.339531 EDT-----
| rl_loss/alpha            | 0.1      |
| rl_loss/pi_grad_norm     | 0        |
| rl_loss/pi_rnn_grad_norm | 0        |
| rl_loss/policy_entropy   | 0        |
| rl_loss/policy_loss      | -3.31    |
| rl_loss/q_grad_norm      | 2.1      |
| rl_loss/q_rnn_grad_norm  | 0.484    |
| rl_loss/qf1_loss         | 2.79     |
| rl_loss/qf2_loss         | 2.79     |
---------------------------------------
env steps 36392 
----2022-10-07 18:14:42.014132 EDT-----
| rl_loss/alpha            | 0.1      |
| rl_loss/pi_grad_norm     | 0        |
| rl_loss/pi_rnn_grad_norm | 0        |
| rl_loss/policy_entropy   | 0        |
| rl_loss/policy_loss      | -3.31    |
| rl_loss/q_grad_norm      | 4.67     |
| rl_loss/q_rnn_grad_norm  | 0.613    |
| rl_loss/qf1_loss         | 3.12     |
| rl_loss/qf2_loss         | 3.12     |
---------------------------------------
env steps 36617 
----2022-10-07 18:15:33.607783 EDT-----
| rl_loss/alpha            | 0.1      |
| rl_loss/pi_grad_norm     | 0        |
| rl_loss/pi_rnn_grad_norm | 0        |
| rl_loss/policy_entropy   | 0        |
| rl_loss/policy_loss      | -3.35    |
| rl_loss/q_grad_norm      | 4.19     |
| rl_loss/q_rnn_grad_norm  | 1.86     |
| rl_loss/qf1_loss         | 3.05     |
| rl_loss/qf2_loss         | 3.04     |
---------------------------------------
env steps 36842 
----2022-10-07 18:16:25.239713 EDT-----
| rl_loss/alpha            | 0.1      |
| rl_loss/pi_grad_norm     | 0        |
| rl_loss/pi_rnn_grad_norm | 0        |
| rl_loss/policy_entropy   | 0        |
| rl_loss/policy_loss      | -3.31    |
| rl_loss/q_grad_norm      | 2.01     |
| rl_loss/q_rnn_grad_norm  | 1.02     |
| rl_loss/qf1_loss         | 2.79     |
| rl_loss/qf2_loss         | 2.78     |
---------------------------------------
env steps 37067 
----2022-10-07 18:17:16.951660 EDT-----
| rl_loss/alpha            | 0.1      |
| rl_loss/pi_grad_norm     | 0        |
| rl_loss/pi_rnn_grad_norm | 0        |
| rl_loss/policy_entropy   | 0        |
| rl_loss/policy_loss      | -3.37    |
| rl_loss/q_grad_norm      | 1.73     |
| rl_loss/q_rnn_grad_norm  | 0.604    |
| rl_loss/qf1_loss         | 3.01     |
| rl_loss/qf2_loss         | 3.01     |
---------------------------------------
env steps 37292 
----2022-10-07 18:18:08.663605 EDT-----
| rl_loss/alpha            | 0.1      |
| rl_loss/pi_grad_norm     | 0        |
| rl_loss/pi_rnn_grad_norm | 0        |
| rl_loss/policy_entropy   | 0        |
| rl_loss/policy_loss      | -3.43    |
| rl_loss/q_grad_norm      | 1.79     |
| rl_loss/q_rnn_grad_norm  | 0.722    |
| rl_loss/qf1_loss         | 3.09     |
| rl_loss/qf2_loss         | 3.09     |
---------------------------------------
env steps 37517 
----2022-10-07 18:19:00.365140 EDT-----
| rl_loss/alpha            | 0.1      |
| rl_loss/pi_grad_norm     | 0        |
| rl_loss/pi_rnn_grad_norm | 0        |
| rl_loss/policy_entropy   | 0.0003   |
| rl_loss/policy_loss      | -3.47    |
| rl_loss/q_grad_norm      | 1.71     |
| rl_loss/q_rnn_grad_norm  | 0.398    |
| rl_loss/qf1_loss         | 2.98     |
| rl_loss/qf2_loss         | 2.98     |
---------------------------------------
------2022-10-07 18:19:00.602339 EDT-------
| metrics/return_eval_avg      | 2        |
| metrics/total_steps_eval_avg | 9        |
| z/env_steps                  | 37517    |
| z/fps                        | 4.36     |
| z/rl_steps                   | 116000   |
| z/rollouts                   | 2945     |
| z/time_cost                  | 5999     |
-------------------------------------------
env steps 37742 
----2022-10-07 18:19:52.142390 EDT-----
| rl_loss/alpha            | 0.1      |
| rl_loss/pi_grad_norm     | 0        |
| rl_loss/pi_rnn_grad_norm | 0        |
| rl_loss/policy_entropy   | 0        |
| rl_loss/policy_loss      | -3.37    |
| rl_loss/q_grad_norm      | 1.98     |
| rl_loss/q_rnn_grad_norm  | 0.489    |
| rl_loss/qf1_loss         | 3.04     |
| rl_loss/qf2_loss         | 3.04     |
---------------------------------------
env steps 37967 
----2022-10-07 18:20:43.764770 EDT-----
| rl_loss/alpha            | 0.1      |
| rl_loss/pi_grad_norm     | 0        |
| rl_loss/pi_rnn_grad_norm | 0        |
| rl_loss/policy_entropy   | 0        |
| rl_loss/policy_loss      | -3.45    |
| rl_loss/q_grad_norm      | 1.99     |
| rl_loss/q_rnn_grad_norm  | 0.486    |
| rl_loss/qf1_loss         | 2.58     |
| rl_loss/qf2_loss         | 2.58     |
---------------------------------------
env steps 38192 
----2022-10-07 18:21:35.468465 EDT-----
| rl_loss/alpha            | 0.1      |
| rl_loss/pi_grad_norm     | 0        |
| rl_loss/pi_rnn_grad_norm | 0        |
| rl_loss/policy_entropy   | 0        |
| rl_loss/policy_loss      | -3.47    |
| rl_loss/q_grad_norm      | 3.85     |
| rl_loss/q_rnn_grad_norm  | 1.45     |
| rl_loss/qf1_loss         | 2.94     |
| rl_loss/qf2_loss         | 2.94     |
---------------------------------------
env steps 38417 
----2022-10-07 18:22:27.115147 EDT-----
| rl_loss/alpha            | 0.1      |
| rl_loss/pi_grad_norm     | 0        |
| rl_loss/pi_rnn_grad_norm | 0        |
| rl_loss/policy_entropy   | 0        |
| rl_loss/policy_loss      | -3.46    |
| rl_loss/q_grad_norm      | 9.5      |
| rl_loss/q_rnn_grad_norm  | 3.57     |
| rl_loss/qf1_loss         | 2.75     |
| rl_loss/qf2_loss         | 2.75     |
---------------------------------------
env steps 38642 
----2022-10-07 18:23:18.427803 EDT-----
| rl_loss/alpha            | 0.1      |
| rl_loss/pi_grad_norm     | 0        |
| rl_loss/pi_rnn_grad_norm | 0        |
| rl_loss/policy_entropy   | 0        |
| rl_loss/policy_loss      | -3.51    |
| rl_loss/q_grad_norm      | 1.82     |
| rl_loss/q_rnn_grad_norm  | 0.59     |
| rl_loss/qf1_loss         | 2.89     |
| rl_loss/qf2_loss         | 2.88     |
---------------------------------------
env steps 38867 
----2022-10-07 18:24:09.616611 EDT-----
| rl_loss/alpha            | 0.1      |
| rl_loss/pi_grad_norm     | 0        |
| rl_loss/pi_rnn_grad_norm | 0        |
| rl_loss/policy_entropy   | 0        |
| rl_loss/policy_loss      | -3.47    |
| rl_loss/q_grad_norm      | 1.78     |
| rl_loss/q_rnn_grad_norm  | 0.512    |
| rl_loss/qf1_loss         | 2.57     |
| rl_loss/qf2_loss         | 2.58     |
---------------------------------------
env steps 39092 
----2022-10-07 18:25:01.124593 EDT-----
| rl_loss/alpha            | 0.1      |
| rl_loss/pi_grad_norm     | 0        |
| rl_loss/pi_rnn_grad_norm | 0        |
| rl_loss/policy_entropy   | 0        |
| rl_loss/policy_loss      | -3.55    |
| rl_loss/q_grad_norm      | 1.97     |
| rl_loss/q_rnn_grad_norm  | 0.816    |
| rl_loss/qf1_loss         | 2.88     |
| rl_loss/qf2_loss         | 2.88     |
---------------------------------------
env steps 39317 
----2022-10-07 18:25:52.638501 EDT-----
| rl_loss/alpha            | 0.1      |
| rl_loss/pi_grad_norm     | 0        |
| rl_loss/pi_rnn_grad_norm | 0        |
| rl_loss/policy_entropy   | 0        |
| rl_loss/policy_loss      | -3.55    |
| rl_loss/q_grad_norm      | 1.69     |
| rl_loss/q_rnn_grad_norm  | 0.557    |
| rl_loss/qf1_loss         | 2.66     |
| rl_loss/qf2_loss         | 2.66     |
---------------------------------------
env steps 39542 
----2022-10-07 18:26:44.184434 EDT-----
| rl_loss/alpha            | 0.1      |
| rl_loss/pi_grad_norm     | 0        |
| rl_loss/pi_rnn_grad_norm | 0        |
| rl_loss/policy_entropy   | 0        |
| rl_loss/policy_loss      | -3.73    |
| rl_loss/q_grad_norm      | 1.85     |
| rl_loss/q_rnn_grad_norm  | 0.495    |
| rl_loss/qf1_loss         | 2.83     |
| rl_loss/qf2_loss         | 2.83     |
---------------------------------------
env steps 39767 
